
Summary:
  Total:	60.7143 secs
  Slowest:	2.9987 secs
  Fastest:	0.0002 secs
  Average:	0.6810 secs
  Requests/sec:	1492.2506
  
  Total data:	1721419 bytes
  Size/request:	19 bytes

Response time histogram:
  0.000 [1]	|
  0.300 [3678]	|■■
  0.600 [16686]	|■■■■■■■■■■■
  0.900 [62027]	|■■■■■■■■■■■■■■■■■■■■■■■■■■■■■■■■■■■■■■■■
  1.200 [5930]	|■■■■
  1.499 [1815]	|■
  1.799 [321]	|
  2.099 [97]	|
  2.399 [35]	|
  2.699 [8]	|
  2.999 [3]	|


Latency distribution:
  10% in 0.5021 secs
  25% in 0.6012 secs
  50% in 0.6946 secs
  75% in 0.7070 secs
  90% in 0.8963 secs
  95% in 1.0781 secs
  99% in 1.3500 secs

Details (average, fastest, slowest):
  DNS+dialup:	0.0007 secs, 0.0002 secs, 2.9987 secs
  DNS-lookup:	0.0005 secs, 0.0000 secs, 0.0682 secs
  req write:	0.0001 secs, 0.0000 secs, 0.0131 secs
  resp wait:	0.6794 secs, 0.0002 secs, 2.9987 secs
  resp read:	0.0000 secs, 0.0000 secs, 0.0340 secs

Status code distribution:
  [200]	90601 responses



