
Summary:
  Total:	120.5884 secs
  Slowest:	3.7981 secs
  Fastest:	0.0003 secs
  Average:	0.5452 secs
  Requests/sec:	936.9391
  
  Total data:	2146696 bytes
  Size/request:	19 bytes

Response time histogram:
  0.000 [1]	|
  0.380 [13597]	|■■■■■■
  0.760 [86073]	|■■■■■■■■■■■■■■■■■■■■■■■■■■■■■■■■■■■■■■■■
  1.140 [10954]	|■■■■■
  1.519 [1650]	|■
  1.899 [399]	|
  2.279 [205]	|
  2.659 [82]	|
  3.039 [15]	|
  3.418 [2]	|
  3.798 [6]	|


Latency distribution:
  10% in 0.3049 secs
  25% in 0.4054 secs
  50% in 0.5028 secs
  75% in 0.6041 secs
  90% in 0.7959 secs
  95% in 0.9050 secs
  99% in 1.3947 secs

Details (average, fastest, slowest):
  DNS+dialup:	0.0002 secs, 0.0003 secs, 3.7981 secs
  DNS-lookup:	0.0001 secs, 0.0000 secs, 0.0325 secs
  req write:	0.0000 secs, 0.0000 secs, 0.0047 secs
  resp wait:	0.5450 secs, 0.0002 secs, 3.7981 secs
  resp read:	0.0000 secs, 0.0000 secs, 0.0083 secs

Status code distribution:
  [200]	112984 responses



