
Summary:
  Total:	78.3934 secs
  Slowest:	19.9271 secs
  Fastest:	0.0002 secs
  Average:	0.6018 secs
  Requests/sec:	981.7539
  
  Total data:	1459732 bytes
  Size/request:	19 bytes

Response time histogram:
  0.000 [1]	|
  1.993 [76744]	|■■■■■■■■■■■■■■■■■■■■■■■■■■■■■■■■■■■■■■■■
  3.986 [44]	|
  5.978 [0]	|
  7.971 [0]	|
  9.964 [0]	|
  11.956 [0]	|
  13.949 [0]	|
  15.942 [0]	|
  17.934 [0]	|
  19.927 [39]	|


Latency distribution:
  10% in 0.4004 secs
  25% in 0.4991 secs
  50% in 0.5956 secs
  75% in 0.6938 secs
  90% in 0.7996 secs
  95% in 0.9921 secs
  99% in 1.3070 secs

Details (average, fastest, slowest):
  DNS+dialup:	0.0002 secs, 0.0002 secs, 19.9271 secs
  DNS-lookup:	0.0003 secs, 0.0000 secs, 0.0456 secs
  req write:	0.0000 secs, 0.0000 secs, 0.0095 secs
  resp wait:	0.5888 secs, 0.0002 secs, 2.5969 secs
  resp read:	0.0000 secs, 0.0000 secs, 0.0134 secs

Status code distribution:
  [200]	76828 responses

Error distribution:
  [135]	Get http://node1-k8s:32360/ilvIzH4ARyfbj: net/http: request canceled (Client.Timeout exceeded while awaiting headers)

