
Summary:
  Total:	76.5678 secs
  Slowest:	19.9443 secs
  Fastest:	0.0002 secs
  Average:	0.6622 secs
  Requests/sec:	1147.9231
  
  Total data:	1669530 bytes
  Size/request:	19 bytes

Response time histogram:
  0.000 [1]	|
  1.995 [87743]	|■■■■■■■■■■■■■■■■■■■■■■■■■■■■■■■■■■■■■■■■
  3.989 [97]	|
  5.983 [0]	|
  7.978 [0]	|
  9.972 [0]	|
  11.967 [0]	|
  13.961 [0]	|
  15.955 [0]	|
  17.950 [8]	|
  19.944 [21]	|


Latency distribution:
  10% in 0.4133 secs
  25% in 0.5965 secs
  50% in 0.6905 secs
  75% in 0.7041 secs
  90% in 0.8925 secs
  95% in 1.0018 secs
  99% in 1.3031 secs

Details (average, fastest, slowest):
  DNS+dialup:	0.0005 secs, 0.0002 secs, 19.9443 secs
  DNS-lookup:	0.0003 secs, 0.0000 secs, 0.0522 secs
  req write:	0.0000 secs, 0.0000 secs, 0.0066 secs
  resp wait:	0.6547 secs, 0.0002 secs, 2.6037 secs
  resp read:	0.0000 secs, 0.0000 secs, 0.0143 secs

Status code distribution:
  [200]	87870 responses

Error distribution:
  [24]	Get http://node1-k8s:32360/ZqUZFK64IPmmd: net/http: request canceled (Client.Timeout exceeded while awaiting headers)

