
Summary:
  Total:	60.1368 secs
  Slowest:	0.4453 secs
  Fastest:	0.0009 secs
  Average:	0.1335 secs
  Requests/sec:	7655.9981
  

Response time histogram:
  0.001 [1]	|
  0.045 [584]	|
  0.090 [23888]	|■■■■
  0.134 [248397]	|■■■■■■■■■■■■■■■■■■■■■■■■■■■■■■■■■■■■■■■■
  0.179 [138206]	|■■■■■■■■■■■■■■■■■■■■■■
  0.223 [46219]	|■■■■■■■
  0.268 [2279]	|
  0.312 [807]	|
  0.356 [2]	|
  0.401 [0]	|
  0.445 [24]	|


Latency distribution:
  10% in 0.0978 secs
  25% in 0.1098 secs
  50% in 0.1251 secs
  75% in 0.1624 secs
  90% in 0.1796 secs
  95% in 0.1878 secs
  99% in 0.2090 secs

Details (average, fastest, slowest):
  DNS+dialup:	0.0002 secs, 0.0009 secs, 0.4453 secs
  DNS-lookup:	0.0002 secs, 0.0000 secs, 0.1176 secs
  req write:	0.0000 secs, 0.0000 secs, 0.0404 secs
  resp wait:	0.1331 secs, 0.0008 secs, 0.3284 secs
  resp read:	0.0000 secs, 0.0000 secs, 0.0905 secs

Status code distribution:
  [200]	460407 responses



