
Summary:
  Total:	60.1688 secs
  Slowest:	0.6801 secs
  Fastest:	0.0950 secs
  Average:	0.2114 secs
  Requests/sec:	9664.3322
  

Response time histogram:
  0.095 [1]	|
  0.154 [35086]	|■■■■■
  0.212 [288451]	|■■■■■■■■■■■■■■■■■■■■■■■■■■■■■■■■■■■■■■■■
  0.271 [215928]	|■■■■■■■■■■■■■■■■■■■■■■■■■■■■■■
  0.329 [37534]	|■■■■■
  0.388 [3149]	|
  0.446 [384]	|
  0.505 [149]	|
  0.563 [97]	|
  0.622 [270]	|
  0.680 [442]	|


Latency distribution:
  10% in 0.1650 secs
  25% in 0.1861 secs
  50% in 0.2074 secs
  75% in 0.2337 secs
  90% in 0.2620 secs
  95% in 0.2824 secs
  99% in 0.3212 secs

Details (average, fastest, slowest):
  DNS+dialup:	0.0004 secs, 0.0950 secs, 0.6801 secs
  DNS-lookup:	0.0003 secs, 0.0000 secs, 0.1325 secs
  req write:	0.0000 secs, 0.0000 secs, 0.0941 secs
  resp wait:	0.2105 secs, 0.0950 secs, 0.4990 secs
  resp read:	0.0001 secs, 0.0000 secs, 0.3014 secs

Status code distribution:
  [200]	581491 responses



