
Summary:
  Total:	60.3029 secs
  Slowest:	1.0422 secs
  Fastest:	0.1476 secs
  Average:	0.3343 secs
  Requests/sec:	9156.1954
  

Response time histogram:
  0.148 [1]	|
  0.237 [27493]	|■■■■
  0.327 [226453]	|■■■■■■■■■■■■■■■■■■■■■■■■■■■■■■■■■■■
  0.416 [257002]	|■■■■■■■■■■■■■■■■■■■■■■■■■■■■■■■■■■■■■■■■
  0.505 [35375]	|■■■■■■
  0.595 [4028]	|■
  0.684 [550]	|
  0.774 [292]	|
  0.863 [858]	|
  0.953 [5]	|
  1.042 [88]	|


Latency distribution:
  10% in 0.2598 secs
  25% in 0.2997 secs
  50% in 0.3313 secs
  75% in 0.3691 secs
  90% in 0.4058 secs
  95% in 0.4331 secs
  99% in 0.5099 secs

Details (average, fastest, slowest):
  DNS+dialup:	0.0008 secs, 0.1476 secs, 1.0422 secs
  DNS-lookup:	0.0007 secs, 0.0000 secs, 0.1496 secs
  req write:	0.0001 secs, 0.0000 secs, 0.1295 secs
  resp wait:	0.3321 secs, 0.1177 secs, 0.9920 secs
  resp read:	0.0001 secs, 0.0000 secs, 0.2087 secs

Status code distribution:
  [200]	552145 responses



