
Summary:
  Total:	60.6414 secs
  Slowest:	9.2592 secs
  Fastest:	0.2987 secs
  Average:	0.8046 secs
  Requests/sec:	7581.5021
  

Response time histogram:
  0.299 [1]	|
  1.195 [443148]	|■■■■■■■■■■■■■■■■■■■■■■■■■■■■■■■■■■■■■■■■
  2.091 [4686]	|
  2.987 [1]	|
  3.883 [2148]	|
  4.779 [7111]	|■
  5.675 [1225]	|
  6.571 [1063]	|
  7.467 [0]	|
  8.363 [0]	|
  9.259 [370]	|


Latency distribution:
  10% in 0.5349 secs
  25% in 0.6242 secs
  50% in 0.7043 secs
  75% in 0.7925 secs
  90% in 0.9124 secs
  95% in 1.0133 secs
  99% in 4.3141 secs

Details (average, fastest, slowest):
  DNS+dialup:	0.0044 secs, 0.2987 secs, 9.2592 secs
  DNS-lookup:	0.0203 secs, 0.0000 secs, 5.5206 secs
  req write:	0.0025 secs, 0.0000 secs, 2.7364 secs
  resp wait:	0.7779 secs, 0.0283 secs, 8.7171 secs
  resp read:	0.0005 secs, 0.0000 secs, 4.1295 secs

Status code distribution:
  [200]	459753 responses



