
Summary:
  Total:	60.1140 secs
  Slowest:	0.6524 secs
  Fastest:	0.0180 secs
  Average:	0.1072 secs
  Requests/sec:	9542.8658
  
  Total data:	10899540 bytes
  Size/request:	19 bytes

Response time histogram:
  0.018 [1]	|
  0.081 [28659]	|■■
  0.145 [494588]	|■■■■■■■■■■■■■■■■■■■■■■■■■■■■■■■■■■■■■■■■
  0.208 [48428]	|■■■■
  0.272 [487]	|
  0.335 [801]	|
  0.399 [308]	|
  0.462 [12]	|
  0.526 [1]	|
  0.589 [13]	|
  0.652 [362]	|


Latency distribution:
  10% in 0.0948 secs
  25% in 0.0986 secs
  50% in 0.1025 secs
  75% in 0.1079 secs
  90% in 0.1402 secs
  95% in 0.1642 secs
  99% in 0.1783 secs

Details (average, fastest, slowest):
  DNS+dialup:	0.0001 secs, 0.0180 secs, 0.6524 secs
  DNS-lookup:	0.0001 secs, 0.0000 secs, 0.0824 secs
  req write:	0.0000 secs, 0.0000 secs, 0.0504 secs
  resp wait:	0.1069 secs, 0.0180 secs, 0.5952 secs
  resp read:	0.0000 secs, 0.0000 secs, 0.0682 secs

Status code distribution:
  [200]	573660 responses



