
Summary:
  Total:	60.0101 secs
  Slowest:	0.1019 secs
  Fastest:	0.0004 secs
  Average:	0.0299 secs
  Requests/sec:	8550.7109
  
  Total data:	9749451 bytes
  Size/request:	19 bytes

Response time histogram:
  0.000 [1]	|
  0.011 [197725]	|■■■■■■■■■■■■■■■■■■■■■■■■■■■■■■■■■■■■■■■■
  0.021 [157007]	|■■■■■■■■■■■■■■■■■■■■■■■■■■■■■■■■
  0.031 [4611]	|■
  0.041 [136]	|
  0.051 [48]	|
  0.061 [2623]	|■
  0.071 [15532]	|■■■
  0.082 [125655]	|■■■■■■■■■■■■■■■■■■■■■■■■■
  0.092 [9543]	|■■
  0.102 [248]	|


Latency distribution:
  10% in 0.0069 secs
  25% in 0.0088 secs
  50% in 0.0122 secs
  75% in 0.0722 secs
  90% in 0.0775 secs
  95% in 0.0796 secs
  99% in 0.0831 secs

Details (average, fastest, slowest):
  DNS+dialup:	0.0000 secs, 0.0004 secs, 0.1019 secs
  DNS-lookup:	0.0000 secs, 0.0000 secs, 0.0155 secs
  req write:	0.0000 secs, 0.0000 secs, 0.0086 secs
  resp wait:	0.0299 secs, 0.0003 secs, 0.1018 secs
  resp read:	0.0000 secs, 0.0000 secs, 0.0232 secs

Status code distribution:
  [200]	513129 responses



