
Summary:
  Total:	60.0678 secs
  Slowest:	0.2218 secs
  Fastest:	0.0094 secs
  Average:	0.0560 secs
  Requests/sec:	9142.9197
  
  Total data:	10434705 bytes
  Size/request:	19 bytes

Response time histogram:
  0.009 [1]	|
  0.031 [230251]	|■■■■■■■■■■■■■■■■■■■■■■■■■■■■■■■■■
  0.052 [11710]	|■■
  0.073 [19161]	|■■■
  0.094 [274938]	|■■■■■■■■■■■■■■■■■■■■■■■■■■■■■■■■■■■■■■■■
  0.116 [12539]	|■■
  0.137 [237]	|
  0.158 [161]	|
  0.179 [149]	|
  0.201 [24]	|
  0.222 [24]	|


Latency distribution:
  10% in 0.0187 secs
  25% in 0.0218 secs
  50% in 0.0763 secs
  75% in 0.0832 secs
  90% in 0.0877 secs
  95% in 0.0907 secs
  99% in 0.1014 secs

Details (average, fastest, slowest):
  DNS+dialup:	0.0000 secs, 0.0094 secs, 0.2218 secs
  DNS-lookup:	0.0000 secs, 0.0000 secs, 0.0327 secs
  req write:	0.0000 secs, 0.0000 secs, 0.0210 secs
  resp wait:	0.0559 secs, 0.0043 secs, 0.1993 secs
  resp read:	0.0000 secs, 0.0000 secs, 0.0428 secs

Status code distribution:
  [200]	549195 responses



