
Summary:
  Total:	60.0986 secs
  Slowest:	0.4501 secs
  Fastest:	0.0098 secs
  Average:	0.0806 secs
  Requests/sec:	9517.2359
  
  Total data:	10867487 bytes
  Size/request:	19 bytes

Response time histogram:
  0.010 [1]	|
  0.054 [107715]	|■■■■■■■■■■■
  0.098 [391304]	|■■■■■■■■■■■■■■■■■■■■■■■■■■■■■■■■■■■■■■■■
  0.142 [70932]	|■■■■■■■
  0.186 [792]	|
  0.230 [340]	|
  0.274 [134]	|
  0.318 [404]	|
  0.362 [176]	|
  0.406 [53]	|
  0.450 [122]	|


Latency distribution:
  10% in 0.0321 secs
  25% in 0.0796 secs
  50% in 0.0899 secs
  75% in 0.0945 secs
  90% in 0.0991 secs
  95% in 0.1031 secs
  99% in 0.1253 secs

Details (average, fastest, slowest):
  DNS+dialup:	0.0001 secs, 0.0098 secs, 0.4501 secs
  DNS-lookup:	0.0001 secs, 0.0000 secs, 0.0807 secs
  req write:	0.0000 secs, 0.0000 secs, 0.0322 secs
  resp wait:	0.0804 secs, 0.0098 secs, 0.3756 secs
  resp read:	0.0000 secs, 0.0000 secs, 0.0595 secs

Status code distribution:
  [200]	571973 responses



