
Summary:
  Total:	60.0838 secs
  Slowest:	0.6160 secs
  Fastest:	0.0158 secs
  Average:	0.1012 secs
  Requests/sec:	9474.9869
  
  Total data:	10816567 bytes
  Size/request:	19 bytes

Response time histogram:
  0.016 [1]	|
  0.076 [41644]	|■■■
  0.136 [490557]	|■■■■■■■■■■■■■■■■■■■■■■■■■■■■■■■■■■■■■■■■
  0.196 [35340]	|■■■
  0.256 [584]	|
  0.316 [138]	|
  0.376 [276]	|
  0.436 [471]	|
  0.496 [50]	|
  0.556 [149]	|
  0.616 [83]	|


Latency distribution:
  10% in 0.0856 secs
  25% in 0.0959 secs
  50% in 0.1001 secs
  75% in 0.1047 secs
  90% in 0.1135 secs
  95% in 0.1415 secs
  99% in 0.1737 secs

Details (average, fastest, slowest):
  DNS+dialup:	0.0001 secs, 0.0158 secs, 0.6160 secs
  DNS-lookup:	0.0001 secs, 0.0000 secs, 0.0521 secs
  req write:	0.0000 secs, 0.0000 secs, 0.0365 secs
  resp wait:	0.1011 secs, 0.0157 secs, 0.5594 secs
  resp read:	0.0000 secs, 0.0000 secs, 0.0666 secs

Status code distribution:
  [200]	569293 responses



