
Summary:
  Total:	60.0931 secs
  Slowest:	0.6891 secs
  Fastest:	0.0013 secs
  Average:	0.0916 secs
  Requests/sec:	2788.8390
  

Response time histogram:
  0.001 [1]	|
  0.070 [29590]	|■■■■■■■■■■
  0.139 [124034]	|■■■■■■■■■■■■■■■■■■■■■■■■■■■■■■■■■■■■■■■■
  0.208 [12060]	|■■■■
  0.276 [545]	|
  0.345 [1217]	|
  0.414 [75]	|
  0.483 [0]	|
  0.552 [24]	|
  0.620 [43]	|
  0.689 [1]	|


Latency distribution:
  10% in 0.0172 secs
  25% in 0.0937 secs
  50% in 0.0952 secs
  75% in 0.0981 secs
  90% in 0.1095 secs
  95% in 0.1932 secs
  99% in 0.2090 secs

Details (average, fastest, slowest):
  DNS+dialup:	0.0000 secs, 0.0013 secs, 0.6891 secs
  DNS-lookup:	0.0000 secs, 0.0000 secs, 0.0224 secs
  req write:	0.0000 secs, 0.0000 secs, 0.0038 secs
  resp wait:	0.0915 secs, 0.0013 secs, 0.6633 secs
  resp read:	0.0000 secs, 0.0000 secs, 0.0097 secs

Status code distribution:
  [200]	167590 responses



