
Summary:
  Total:	60.2798 secs
  Slowest:	4.6929 secs
  Fastest:	0.0111 secs
  Average:	0.1969 secs
  Requests/sec:	2596.6736
  

Response time histogram:
  0.011 [1]	|
  0.479 [154540]	|■■■■■■■■■■■■■■■■■■■■■■■■■■■■■■■■■■■■■■■■
  0.947 [1866]	|
  1.416 [113]	|
  1.884 [0]	|
  2.352 [0]	|
  2.820 [3]	|
  3.288 [0]	|
  3.757 [0]	|
  4.225 [0]	|
  4.693 [4]	|


Latency distribution:
  10% in 0.1123 secs
  25% in 0.1169 secs
  50% in 0.1915 secs
  75% in 0.2002 secs
  90% in 0.2986 secs
  95% in 0.3085 secs
  99% in 0.5059 secs

Details (average, fastest, slowest):
  DNS+dialup:	0.0000 secs, 0.0111 secs, 4.6929 secs
  DNS-lookup:	0.0001 secs, 0.0000 secs, 0.0315 secs
  req write:	0.0000 secs, 0.0000 secs, 0.0064 secs
  resp wait:	0.1957 secs, 0.0099 secs, 4.6912 secs
  resp read:	0.0000 secs, 0.0000 secs, 0.0247 secs

Status code distribution:
  [200]	156527 responses



