
Summary:
  Total:	60.3036 secs
  Slowest:	13.1246 secs
  Fastest:	0.0538 secs
  Average:	0.3557 secs
  Requests/sec:	2152.2745
  

Response time histogram:
  0.054 [1]	|
  1.361 [129530]	|■■■■■■■■■■■■■■■■■■■■■■■■■■■■■■■■■■■■■■■■
  2.668 [240]	|
  3.975 [0]	|
  5.282 [0]	|
  6.589 [9]	|
  7.896 [1]	|
  9.203 [1]	|
  10.510 [0]	|
  11.818 [5]	|
  13.125 [3]	|


Latency distribution:
  10% in 0.2177 secs
  25% in 0.2932 secs
  50% in 0.2995 secs
  75% in 0.4043 secs
  90% in 0.5068 secs
  95% in 0.5914 secs
  99% in 0.8102 secs

Details (average, fastest, slowest):
  DNS+dialup:	0.0001 secs, 0.0538 secs, 13.1246 secs
  DNS-lookup:	0.0002 secs, 0.0000 secs, 0.0604 secs
  req write:	0.0000 secs, 0.0000 secs, 0.0103 secs
  resp wait:	0.3504 secs, 0.0255 secs, 13.1245 secs
  resp read:	0.0001 secs, 0.0000 secs, 0.0393 secs

Status code distribution:
  [200]	129790 responses



