
Summary:
  Total:	61.4934 secs
  Slowest:	17.3016 secs
  Fastest:	0.0516 secs
  Average:	0.3810 secs
  Requests/sec:	2328.8346
  

Response time histogram:
  0.052 [1]	|
  1.777 [142888]	|■■■■■■■■■■■■■■■■■■■■■■■■■■■■■■■■■■■■■■■■
  3.502 [100]	|
  5.227 [43]	|
  6.952 [0]	|
  8.677 [4]	|
  10.402 [0]	|
  12.127 [0]	|
  13.852 [0]	|
  15.577 [4]	|
  17.302 [4]	|


Latency distribution:
  10% in 0.2924 secs
  25% in 0.2985 secs
  50% in 0.3057 secs
  75% in 0.4827 secs
  90% in 0.5093 secs
  95% in 0.5949 secs
  99% in 0.9158 secs

Details (average, fastest, slowest):
  DNS+dialup:	0.0001 secs, 0.0516 secs, 17.3016 secs
  DNS-lookup:	0.0002 secs, 0.0000 secs, 0.0655 secs
  req write:	0.0000 secs, 0.0000 secs, 0.0078 secs
  resp wait:	0.3739 secs, 0.0249 secs, 17.3015 secs
  resp read:	0.0000 secs, 0.0000 secs, 0.0388 secs

Status code distribution:
  [200]	143044 responses

Error distribution:
  [164]	Get http://node1-k8s:31276/g405eb2SFZRJw: net/http: request canceled (Client.Timeout exceeded while awaiting headers)

