
Summary:
  Total:	120.0479 secs
  Slowest:	0.4872 secs
  Fastest:	0.0002 secs
  Average:	0.0622 secs
  Requests/sec:	4113.3498
  
  Total data:	10369779 bytes
  Size/request:	21 bytes

Response time histogram:
  0.000 [1]	|
  0.049 [190223]	|■■■■■■■■■■■■■■■■■■■■■■■■■■■■■■■■
  0.098 [235111]	|■■■■■■■■■■■■■■■■■■■■■■■■■■■■■■■■■■■■■■■■
  0.146 [64457]	|■■■■■■■■■■■
  0.195 [3462]	|■
  0.244 [409]	|
  0.292 [24]	|
  0.341 [8]	|
  0.390 [68]	|
  0.439 [0]	|
  0.487 [36]	|


Latency distribution:
  10% in 0.0080 secs
  25% in 0.0118 secs
  50% in 0.0884 secs
  75% in 0.0946 secs
  90% in 0.0990 secs
  95% in 0.1016 secs
  99% in 0.1121 secs

Details (average, fastest, slowest):
  DNS+dialup:	0.0000 secs, 0.0002 secs, 0.4872 secs
  DNS-lookup:	0.0000 secs, 0.0000 secs, 0.0168 secs
  req write:	0.0000 secs, 0.0000 secs, 0.0113 secs
  resp wait:	0.0621 secs, 0.0001 secs, 0.4262 secs
  resp read:	0.0000 secs, 0.0000 secs, 0.0189 secs

Status code distribution:
  [200]	493799 responses



