
Summary:
  Total:	120.2075 secs
  Slowest:	0.4030 secs
  Fastest:	0.0002 secs
  Average:	0.1165 secs
  Requests/sec:	4390.6009
  
  Total data:	11083443 bytes
  Size/request:	21 bytes

Response time histogram:
  0.000 [1]	|
  0.040 [21905]	|■■
  0.081 [7418]	|■
  0.121 [383044]	|■■■■■■■■■■■■■■■■■■■■■■■■■■■■■■■■■■■■■■■■
  0.161 [9724]	|■
  0.202 [97345]	|■■■■■■■■■■
  0.242 [6162]	|■
  0.282 [614]	|
  0.322 [1484]	|
  0.363 [18]	|
  0.403 [68]	|


Latency distribution:
  10% in 0.0932 secs
  25% in 0.0985 secs
  50% in 0.1037 secs
  75% in 0.1128 secs
  90% in 0.1874 secs
  95% in 0.1938 secs
  99% in 0.2051 secs

Details (average, fastest, slowest):
  DNS+dialup:	0.0000 secs, 0.0002 secs, 0.4030 secs
  DNS-lookup:	0.0000 secs, 0.0000 secs, 0.0380 secs
  req write:	0.0000 secs, 0.0000 secs, 0.0298 secs
  resp wait:	0.1164 secs, 0.0002 secs, 0.3951 secs
  resp read:	0.0000 secs, 0.0000 secs, 0.0414 secs

Status code distribution:
  [200]	527783 responses



