
Summary:
  Total:	120.2509 secs
  Slowest:	0.8148 secs
  Fastest:	0.0002 secs
  Average:	0.2311 secs
  Requests/sec:	4148.5605
  
  Total data:	10476228 bytes
  Size/request:	21 bytes

Response time histogram:
  0.000 [1]	|
  0.082 [2688]	|
  0.163 [16797]	|■■
  0.245 [318526]	|■■■■■■■■■■■■■■■■■■■■■■■■■■■■■■■■■■■■■■■■
  0.326 [146220]	|■■■■■■■■■■■■■■■■■■
  0.407 [12916]	|■■
  0.489 [892]	|
  0.570 [688]	|
  0.652 [25]	|
  0.733 [0]	|
  0.815 [115]	|


Latency distribution:
  10% in 0.1956 secs
  25% in 0.2012 secs
  50% in 0.2076 secs
  75% in 0.2835 secs
  90% in 0.2966 secs
  95% in 0.3058 secs
  99% in 0.3938 secs

Details (average, fastest, slowest):
  DNS+dialup:	0.0001 secs, 0.0002 secs, 0.8148 secs
  DNS-lookup:	0.0001 secs, 0.0000 secs, 0.0575 secs
  req write:	0.0000 secs, 0.0000 secs, 0.0185 secs
  resp wait:	0.2308 secs, 0.0001 secs, 0.7269 secs
  resp read:	0.0000 secs, 0.0000 secs, 0.0617 secs

Status code distribution:
  [200]	498868 responses



