
Summary:
  Total:	120.3356 secs
  Slowest:	1.1861 secs
  Fastest:	0.0002 secs
  Average:	0.3529 secs
  Requests/sec:	5756.8979
  
  Total data:	13161015 bytes
  Size/request:	19 bytes

Response time histogram:
  0.000 [1]	|
  0.119 [18285]	|■■
  0.237 [48115]	|■■■■■■
  0.356 [249436]	|■■■■■■■■■■■■■■■■■■■■■■■■■■■■■■■
  0.475 [326337]	|■■■■■■■■■■■■■■■■■■■■■■■■■■■■■■■■■■■■■■■■
  0.593 [44154]	|■■■■■
  0.712 [4551]	|■
  0.830 [1381]	|
  0.949 [268]	|
  1.068 [123]	|
  1.186 [34]	|


Latency distribution:
  10% in 0.2431 secs
  25% in 0.3147 secs
  50% in 0.3668 secs
  75% in 0.3967 secs
  90% in 0.4518 secs
  95% in 0.4922 secs
  99% in 0.5881 secs

Details (average, fastest, slowest):
  DNS+dialup:	0.0002 secs, 0.0002 secs, 1.1861 secs
  DNS-lookup:	0.0003 secs, 0.0000 secs, 0.1253 secs
  req write:	0.0000 secs, 0.0000 secs, 0.0511 secs
  resp wait:	0.3522 secs, 0.0002 secs, 1.1098 secs
  resp read:	0.0000 secs, 0.0000 secs, 0.1020 secs

Status code distribution:
  [200]	692685 responses

Error distribution:
  [75]	Get http://node1-k8s:30305/uevtcbJGF8pKF: net/http: request canceled (Client.Timeout exceeded while awaiting headers)

