
Summary:
  Total:	120.6759 secs
  Slowest:	19.8362 secs
  Fastest:	0.0002 secs
  Average:	0.6699 secs
  Requests/sec:	6035.8191
  
  Total data:	13834793 bytes
  Size/request:	19 bytes

Response time histogram:
  0.000 [1]	|
  1.984 [728020]	|■■■■■■■■■■■■■■■■■■■■■■■■■■■■■■■■■■■■■■■■
  3.967 [50]	|
  5.951 [0]	|
  7.935 [0]	|
  9.918 [0]	|
  11.902 [0]	|
  13.885 [0]	|
  15.869 [0]	|
  17.853 [17]	|
  19.836 [59]	|


Latency distribution:
  10% in 0.5322 secs
  25% in 0.6268 secs
  50% in 0.6886 secs
  75% in 0.7163 secs
  90% in 0.7991 secs
  95% in 0.8538 secs
  99% in 1.0187 secs

Details (average, fastest, slowest):
  DNS+dialup:	0.0009 secs, 0.0002 secs, 19.8362 secs
  DNS-lookup:	0.0010 secs, 0.0000 secs, 0.2130 secs
  req write:	0.0001 secs, 0.0000 secs, 0.1456 secs
  resp wait:	0.6653 secs, 0.0002 secs, 2.0446 secs
  resp read:	0.0000 secs, 0.0000 secs, 0.1930 secs

Status code distribution:
  [200]	728147 responses

Error distribution:
  [231]	Get http://node1-k8s:30305/1UQrwV7xezTcw: net/http: request canceled (Client.Timeout exceeded while awaiting headers)

