
Summary:
  Total:	121.1123 secs
  Slowest:	19.7892 secs
  Fastest:	0.0002 secs
  Average:	1.0273 secs
  Requests/sec:	5943.2675
  
  Total data:	13676238 bytes
  Size/request:	19 bytes

Response time histogram:
  0.000 [1]	|
  1.979 [718728]	|■■■■■■■■■■■■■■■■■■■■■■■■■■■■■■■■■■■■■■■■
  3.958 [815]	|
  5.937 [227]	|
  7.916 [10]	|
  9.895 [13]	|
  11.874 [1]	|
  13.852 [0]	|
  15.831 [1]	|
  17.810 [0]	|
  19.789 [6]	|


Latency distribution:
  10% in 0.8819 secs
  25% in 0.9902 secs
  50% in 1.0271 secs
  75% in 1.1016 secs
  90% in 1.2077 secs
  95% in 1.2843 secs
  99% in 1.5346 secs

Details (average, fastest, slowest):
  DNS+dialup:	0.0033 secs, 0.0002 secs, 19.7892 secs
  DNS-lookup:	0.0023 secs, 0.0000 secs, 0.3079 secs
  req write:	0.0004 secs, 0.0000 secs, 0.2516 secs
  resp wait:	1.0206 secs, 0.0002 secs, 14.5789 secs
  resp read:	0.0001 secs, 0.0000 secs, 0.2749 secs

Status code distribution:
  [200]	719802 responses

Error distribution:
  [1]	Get http://node1-k8s:30305/Ds2jZfachbsqf: net/http: request canceled (Client.Timeout exceeded while awaiting headers)

