
Summary:
  Total:	60.2161 secs
  Slowest:	1.0605 secs
  Fastest:	0.0096 secs
  Average:	0.2082 secs
  Requests/sec:	4905.1680
  
  Total data:	5612030 bytes
  Size/request:	19 bytes

Response time histogram:
  0.010 [1]	|
  0.115 [62100]	|■■■■■■■■■■■■■■■■■■■
  0.220 [132165]	|■■■■■■■■■■■■■■■■■■■■■■■■■■■■■■■■■■■■■■■■
  0.325 [65254]	|■■■■■■■■■■■■■■■■■■■■
  0.430 [23720]	|■■■■■■■
  0.535 [7376]	|■■
  0.640 [3096]	|■
  0.745 [1214]	|
  0.850 [301]	|
  0.955 [107]	|
  1.061 [36]	|


Latency distribution:
  10% in 0.0912 secs
  25% in 0.1232 secs
  50% in 0.1932 secs
  75% in 0.2691 secs
  90% in 0.3607 secs
  95% in 0.4120 secs
  99% in 0.5964 secs

Details (average, fastest, slowest):
  DNS+dialup:	0.0002 secs, 0.0096 secs, 1.0605 secs
  DNS-lookup:	0.0001 secs, 0.0000 secs, 0.0482 secs
  req write:	0.0000 secs, 0.0000 secs, 0.0435 secs
  resp wait:	0.2077 secs, 0.0096 secs, 1.0605 secs
  resp read:	0.0000 secs, 0.0000 secs, 0.0498 secs

Status code distribution:
  [200]	295370 responses



