
Summary:
  Total:	60.5975 secs
  Slowest:	2.7499 secs
  Fastest:	0.0719 secs
  Average:	0.6373 secs
  Requests/sec:	4787.5740
  
  Total data:	5512185 bytes
  Size/request:	19 bytes

Response time histogram:
  0.072 [1]	|
  0.340 [35643]	|■■■■■■■■■■■■■
  0.608 [107175]	|■■■■■■■■■■■■■■■■■■■■■■■■■■■■■■■■■■■■■■■■
  0.875 [98831]	|■■■■■■■■■■■■■■■■■■■■■■■■■■■■■■■■■■■■■
  1.143 [36864]	|■■■■■■■■■■■■■■
  1.411 [7797]	|■■■
  1.679 [2289]	|■
  1.946 [1137]	|
  2.214 [295]	|
  2.482 [77]	|
  2.750 [6]	|


Latency distribution:
  10% in 0.3155 secs
  25% in 0.4442 secs
  50% in 0.6117 secs
  75% in 0.7928 secs
  90% in 0.9626 secs
  95% in 1.0931 secs
  99% in 1.4904 secs

Details (average, fastest, slowest):
  DNS+dialup:	0.0011 secs, 0.0719 secs, 2.7499 secs
  DNS-lookup:	0.0012 secs, 0.0000 secs, 0.1615 secs
  req write:	0.0001 secs, 0.0000 secs, 0.1194 secs
  resp wait:	0.6326 secs, 0.0711 secs, 2.5744 secs
  resp read:	0.0000 secs, 0.0000 secs, 0.1777 secs

Status code distribution:
  [200]	290115 responses



