
Summary:
  Total:	76.1185 secs
  Slowest:	5.9834 secs
  Fastest:	0.1051 secs
  Average:	0.8592 secs
  Requests/sec:	3767.5989
  
  Total data:	5448364 bytes
  Size/request:	19 bytes

Response time histogram:
  0.105 [1]	|
  0.693 [103658]	|■■■■■■■■■■■■■■■■■■■■■■■■■■■■
  1.281 [146244]	|■■■■■■■■■■■■■■■■■■■■■■■■■■■■■■■■■■■■■■■■
  1.869 [32634]	|■■■■■■■■■
  2.456 [3218]	|■
  3.044 [612]	|
  3.632 [89]	|
  4.220 [125]	|
  4.808 [57]	|
  5.396 [19]	|
  5.983 [99]	|


Latency distribution:
  10% in 0.3685 secs
  25% in 0.5864 secs
  50% in 0.8221 secs
  75% in 1.0964 secs
  90% in 1.3235 secs
  95% in 1.5066 secs
  99% in 2.0153 secs

Details (average, fastest, slowest):
  DNS+dialup:	0.0017 secs, 0.1051 secs, 5.9834 secs
  DNS-lookup:	0.0021 secs, 0.0000 secs, 0.2067 secs
  req write:	0.0001 secs, 0.0000 secs, 0.1319 secs
  resp wait:	0.8512 secs, 0.1050 secs, 5.6641 secs
  resp read:	0.0001 secs, 0.0000 secs, 0.2699 secs

Status code distribution:
  [200]	286756 responses

Error distribution:
  [28]	Get http://node1-k8s:32329/tuS0SpHCqoJgl: net/http: request canceled (Client.Timeout exceeded while awaiting headers)

