
Summary:
  Total:	60.0239 secs
  Slowest:	0.3286 secs
  Fastest:	0.0050 secs
  Average:	0.1047 secs
  Requests/sec:	2443.2252
  

Response time histogram:
  0.005 [1]	|
  0.037 [6358]	|■■■
  0.070 [70]	|
  0.102 [84996]	|■■■■■■■■■■■■■■■■■■■■■■■■■■■■■■■■■■■■■■■■
  0.134 [42106]	|■■■■■■■■■■■■■■■■■■■■
  0.167 [96]	|
  0.199 [12480]	|■■■■■■
  0.231 [289]	|
  0.264 [0]	|
  0.296 [0]	|
  0.329 [256]	|


Latency distribution:
  10% in 0.0932 secs
  25% in 0.0973 secs
  50% in 0.1006 secs
  75% in 0.1041 secs
  90% in 0.1127 secs
  95% in 0.1855 secs
  99% in 0.1943 secs

Details (average, fastest, slowest):
  DNS+dialup:	0.0000 secs, 0.0050 secs, 0.3286 secs
  DNS-lookup:	0.0000 secs, 0.0000 secs, 0.0157 secs
  req write:	0.0000 secs, 0.0000 secs, 0.0053 secs
  resp wait:	0.1047 secs, 0.0049 secs, 0.3092 secs
  resp read:	0.0000 secs, 0.0000 secs, 0.0893 secs

Status code distribution:
  [200]	146652 responses



