
Summary:
  Total:	60.2183 secs
  Slowest:	0.3922 secs
  Fastest:	0.0689 secs
  Average:	0.1978 secs
  Requests/sec:	2585.0437
  

Response time histogram:
  0.069 [1]	|
  0.101 [341]	|
  0.134 [19329]	|■■■■■■■■■■■■
  0.166 [517]	|
  0.198 [54903]	|■■■■■■■■■■■■■■■■■■■■■■■■■■■■■■■■■■
  0.231 [63736]	|■■■■■■■■■■■■■■■■■■■■■■■■■■■■■■■■■■■■■■■■
  0.263 [187]	|
  0.295 [13528]	|■■■■■■■■
  0.328 [3000]	|■■
  0.360 [0]	|
  0.392 [125]	|


Latency distribution:
  10% in 0.1197 secs
  25% in 0.1920 secs
  50% in 0.1986 secs
  75% in 0.2049 secs
  90% in 0.2762 secs
  95% in 0.2889 secs
  99% in 0.2990 secs

Details (average, fastest, slowest):
  DNS+dialup:	0.0001 secs, 0.0689 secs, 0.3922 secs
  DNS-lookup:	0.0001 secs, 0.0000 secs, 0.0394 secs
  req write:	0.0000 secs, 0.0000 secs, 0.0113 secs
  resp wait:	0.1976 secs, 0.0500 secs, 0.3922 secs
  resp read:	0.0000 secs, 0.0000 secs, 0.0975 secs

Status code distribution:
  [200]	155667 responses



