
Summary:
  Total:	120.0431 secs
  Slowest:	0.9915 secs
  Fastest:	0.0002 secs
  Average:	0.0883 secs
  Requests/sec:	1448.9544
  
  Total data:	3304803 bytes
  Size/request:	19 bytes

Response time histogram:
  0.000 [1]	|
  0.099 [115376]	|■■■■■■■■■■■■■■■■■■■■■■■■■■■■■■■■■■■■■■■■
  0.198 [56435]	|■■■■■■■■■■■■■■■■■■■■
  0.298 [1281]	|
  0.397 [447]	|
  0.496 [197]	|
  0.595 [98]	|
  0.694 [50]	|
  0.793 [40]	|
  0.892 [8]	|
  0.991 [4]	|


Latency distribution:
  10% in 0.0092 secs
  25% in 0.0938 secs
  50% in 0.0978 secs
  75% in 0.1005 secs
  90% in 0.1045 secs
  95% in 0.1876 secs
  99% in 0.2007 secs

Details (average, fastest, slowest):
  DNS+dialup:	0.0000 secs, 0.0002 secs, 0.9915 secs
  DNS-lookup:	0.0001 secs, 0.0000 secs, 0.0212 secs
  req write:	0.0000 secs, 0.0000 secs, 0.0025 secs
  resp wait:	0.0883 secs, 0.0002 secs, 0.9914 secs
  resp read:	0.0000 secs, 0.0000 secs, 0.0061 secs

Status code distribution:
  [200]	173937 responses



