
Summary:
  Total:	120.1472 secs
  Slowest:	1.3948 secs
  Fastest:	0.0002 secs
  Average:	0.1773 secs
  Requests/sec:	1443.3216
  
  Total data:	3294809 bytes
  Size/request:	19 bytes

Response time histogram:
  0.000 [1]	|
  0.140 [55792]	|■■■■■■■■■■■■■■■■■■■■■■
  0.279 [100189]	|■■■■■■■■■■■■■■■■■■■■■■■■■■■■■■■■■■■■■■■■
  0.419 [16418]	|■■■■■■■
  0.558 [441]	|
  0.698 [328]	|
  0.837 [147]	|
  0.976 [34]	|
  1.116 [48]	|
  1.255 [7]	|
  1.395 [6]	|


Latency distribution:
  10% in 0.1013 secs
  25% in 0.1085 secs
  50% in 0.1957 secs
  75% in 0.2006 secs
  90% in 0.2819 secs
  95% in 0.2961 secs
  99% in 0.3954 secs

Details (average, fastest, slowest):
  DNS+dialup:	0.0000 secs, 0.0002 secs, 1.3948 secs
  DNS-lookup:	0.0001 secs, 0.0000 secs, 0.0152 secs
  req write:	0.0000 secs, 0.0000 secs, 0.0036 secs
  resp wait:	0.1772 secs, 0.0002 secs, 1.3948 secs
  resp read:	0.0000 secs, 0.0000 secs, 0.0087 secs

Status code distribution:
  [200]	173411 responses



