
Summary:
  Total:	120.6216 secs
  Slowest:	3.4038 secs
  Fastest:	0.0002 secs
  Average:	0.5359 secs
  Requests/sec:	1378.5594
  
  Total data:	3156261 bytes
  Size/request:	19 bytes

Response time histogram:
  0.000 [1]	|
  0.341 [18966]	|■■■■■■
  0.681 [117099]	|■■■■■■■■■■■■■■■■■■■■■■■■■■■■■■■■■■■■■■■■
  1.021 [27610]	|■■■■■■■■■
  1.362 [1656]	|■
  1.702 [520]	|
  2.042 [175]	|
  2.383 [53]	|
  2.723 [21]	|
  3.063 [16]	|
  3.404 [2]	|


Latency distribution:
  10% in 0.3064 secs
  25% in 0.4109 secs
  50% in 0.5048 secs
  75% in 0.6006 secs
  90% in 0.7101 secs
  95% in 0.8890 secs
  99% in 1.1023 secs

Details (average, fastest, slowest):
  DNS+dialup:	0.0001 secs, 0.0002 secs, 3.4038 secs
  DNS-lookup:	0.0002 secs, 0.0000 secs, 0.0449 secs
  req write:	0.0000 secs, 0.0000 secs, 0.0079 secs
  resp wait:	0.5349 secs, 0.0002 secs, 3.4038 secs
  resp read:	0.0000 secs, 0.0000 secs, 0.0278 secs

Status code distribution:
  [200]	166119 responses

Error distribution:
  [165]	Get http://node1-k8s:30305/rV7c7e2Rj8paQ: net/http: request canceled (Client.Timeout exceeded while awaiting headers)

