
Summary:
  Total:	120.7193 secs
  Slowest:	19.6978 secs
  Fastest:	0.0002 secs
  Average:	0.6513 secs
  Requests/sec:	1453.1476
  
  Total data:	3331916 bytes
  Size/request:	19 bytes

Response time histogram:
  0.000 [1]	|
  1.970 [175233]	|■■■■■■■■■■■■■■■■■■■■■■■■■■■■■■■■■■■■■■■■
  3.940 [98]	|
  5.910 [0]	|
  7.879 [0]	|
  9.849 [0]	|
  11.819 [0]	|
  13.789 [0]	|
  15.758 [7]	|
  17.728 [1]	|
  19.698 [24]	|


Latency distribution:
  10% in 0.4068 secs
  25% in 0.5974 secs
  50% in 0.6892 secs
  75% in 0.7043 secs
  90% in 0.8133 secs
  95% in 0.9070 secs
  99% in 1.2087 secs

Details (average, fastest, slowest):
  DNS+dialup:	0.0002 secs, 0.0002 secs, 19.6978 secs
  DNS-lookup:	0.0002 secs, 0.0000 secs, 0.0515 secs
  req write:	0.0000 secs, 0.0000 secs, 0.0103 secs
  resp wait:	0.6474 secs, 0.0002 secs, 2.6932 secs
  resp read:	0.0000 secs, 0.0000 secs, 0.0284 secs

Status code distribution:
  [200]	175364 responses

Error distribution:
  [59]	Get http://node1-k8s:30305/aPQUQ8cBmDDDU: net/http: request canceled (Client.Timeout exceeded while awaiting headers)

