
Summary:
  Total:	120.1738 secs
  Slowest:	1.1920 secs
  Fastest:	0.0002 secs
  Average:	0.1795 secs
  Requests/sec:	5604.9479
  
  Total data:	12795854 bytes
  Size/request:	19 bytes

Response time histogram:
  0.000 [1]	|
  0.119 [87022]	|■■■■■■■
  0.239 [515144]	|■■■■■■■■■■■■■■■■■■■■■■■■■■■■■■■■■■■■■■■■
  0.358 [65118]	|■■■■■
  0.477 [4811]	|
  0.596 [1089]	|
  0.715 [220]	|
  0.834 [53]	|
  0.954 [7]	|
  1.073 [0]	|
  1.192 [1]	|


Latency distribution:
  10% in 0.1074 secs
  25% in 0.1436 secs
  50% in 0.1873 secs
  75% in 0.2030 secs
  90% in 0.2448 secs
  95% in 0.2777 secs
  99% in 0.3497 secs

Details (average, fastest, slowest):
  DNS+dialup:	0.0001 secs, 0.0002 secs, 1.1920 secs
  DNS-lookup:	0.0001 secs, 0.0000 secs, 0.0633 secs
  req write:	0.0000 secs, 0.0000 secs, 0.0219 secs
  resp wait:	0.1793 secs, 0.0002 secs, 1.1920 secs
  resp read:	0.0000 secs, 0.0000 secs, 0.0435 secs

Status code distribution:
  [200]	673466 responses

Error distribution:
  [102]	Get http://node1-k8s:30305/el6RyOomA8Xj5: net/http: request canceled (Client.Timeout exceeded while awaiting headers)

