
Summary:
  Total:	120.2624 secs
  Slowest:	1.2208 secs
  Fastest:	0.0002 secs
  Average:	0.2751 secs
  Requests/sec:	5514.2748
  
  Total data:	12598102 bytes
  Size/request:	19 bytes

Response time histogram:
  0.000 [1]	|
  0.122 [23122]	|■■
  0.244 [182153]	|■■■■■■■■■■■■■■■■■■
  0.366 [399835]	|■■■■■■■■■■■■■■■■■■■■■■■■■■■■■■■■■■■■■■■■
  0.488 [46742]	|■■■■■
  0.611 [8751]	|■
  0.733 [1247]	|
  0.855 [980]	|
  0.977 [195]	|
  1.099 [29]	|
  1.221 [3]	|


Latency distribution:
  10% in 0.1964 secs
  25% in 0.2332 secs
  50% in 0.2836 secs
  75% in 0.3031 secs
  90% in 0.3589 secs
  95% in 0.3927 secs
  99% in 0.5315 secs

Details (average, fastest, slowest):
  DNS+dialup:	0.0002 secs, 0.0002 secs, 1.2208 secs
  DNS-lookup:	0.0002 secs, 0.0000 secs, 0.1055 secs
  req write:	0.0000 secs, 0.0000 secs, 0.0436 secs
  resp wait:	0.2747 secs, 0.0002 secs, 1.2208 secs
  resp read:	0.0000 secs, 0.0000 secs, 0.0667 secs

Status code distribution:
  [200]	663058 responses

Error distribution:
  [102]	Get http://node1-k8s:30305/Mo24O7Ak3STin: net/http: request canceled (Client.Timeout exceeded while awaiting headers)

