
Summary:
  Total:	120.7793 secs
  Slowest:	15.8215 secs
  Fastest:	0.0002 secs
  Average:	0.9817 secs
  Requests/sec:	3117.2639
  
  Total data:	7153519 bytes
  Size/request:	19 bytes

Response time histogram:
  0.000 [1]	|
  1.582 [367718]	|■■■■■■■■■■■■■■■■■■■■■■■■■■■■■■■■■■■■■■■■
  3.164 [8732]	|■
  4.747 [9]	|
  6.329 [19]	|
  7.911 [8]	|
  9.493 [8]	|
  11.075 [1]	|
  12.657 [3]	|
  14.239 [0]	|
  15.822 [2]	|


Latency distribution:
  10% in 0.7259 secs
  25% in 0.8223 secs
  50% in 0.9726 secs
  75% in 1.1278 secs
  90% in 1.3145 secs
  95% in 1.4340 secs
  99% in 1.7239 secs

Details (average, fastest, slowest):
  DNS+dialup:	0.0012 secs, 0.0002 secs, 15.8215 secs
  DNS-lookup:	0.0010 secs, 0.0000 secs, 0.1671 secs
  req write:	0.0001 secs, 0.0000 secs, 0.1142 secs
  resp wait:	0.9784 secs, 0.0002 secs, 3.5379 secs
  resp read:	0.0000 secs, 0.0000 secs, 0.1293 secs

Status code distribution:
  [200]	376501 responses



