
Summary:
  Total:	120.1124 secs
  Slowest:	0.6964 secs
  Fastest:	0.0002 secs
  Average:	0.0898 secs
  Requests/sec:	5698.7711
  
  Total data:	13005367 bytes
  Size/request:	19 bytes

Response time histogram:
  0.000 [1]	|
  0.070 [130334]	|■■■■■■■■■■
  0.139 [513487]	|■■■■■■■■■■■■■■■■■■■■■■■■■■■■■■■■■■■■■■■■
  0.209 [38210]	|■■■
  0.279 [1551]	|
  0.348 [619]	|
  0.418 [154]	|
  0.488 [83]	|
  0.557 [40]	|
  0.627 [13]	|
  0.696 [1]	|


Latency distribution:
  10% in 0.0420 secs
  25% in 0.0810 secs
  50% in 0.0934 secs
  75% in 0.1024 secs
  90% in 0.1179 secs
  95% in 0.1487 secs
  99% in 0.1816 secs

Details (average, fastest, slowest):
  DNS+dialup:	0.0000 secs, 0.0002 secs, 0.6964 secs
  DNS-lookup:	0.0001 secs, 0.0000 secs, 0.0664 secs
  req write:	0.0000 secs, 0.0000 secs, 0.0149 secs
  resp wait:	0.0896 secs, 0.0002 secs, 0.6963 secs
  resp read:	0.0000 secs, 0.0000 secs, 0.0744 secs

Status code distribution:
  [200]	684493 responses



