
Summary:
  Total:	60.1323 secs
  Slowest:	0.2822 secs
  Fastest:	0.0407 secs
  Average:	0.1070 secs
  Requests/sec:	9552.1201
  

Response time histogram:
  0.041 [1]	|
  0.065 [10291]	|■
  0.089 [87091]	|■■■■■■■■■■■■
  0.113 [301344]	|■■■■■■■■■■■■■■■■■■■■■■■■■■■■■■■■■■■■■■■■
  0.137 [126753]	|■■■■■■■■■■■■■■■■■
  0.161 [35760]	|■■■■■
  0.186 [11007]	|■
  0.210 [805]	|
  0.234 [1062]	|
  0.258 [106]	|
  0.282 [171]	|


Latency distribution:
  10% in 0.0829 secs
  25% in 0.0947 secs
  50% in 0.1045 secs
  75% in 0.1167 secs
  90% in 0.1340 secs
  95% in 0.1476 secs
  99% in 0.1704 secs

Details (average, fastest, slowest):
  DNS+dialup:	0.0001 secs, 0.0407 secs, 0.2822 secs
  DNS-lookup:	0.0001 secs, 0.0000 secs, 0.0714 secs
  req write:	0.0000 secs, 0.0000 secs, 0.0369 secs
  resp wait:	0.1067 secs, 0.0343 secs, 0.2548 secs
  resp read:	0.0000 secs, 0.0000 secs, 0.1035 secs

Status code distribution:
  [200]	574391 responses



