
Summary:
  Total:	60.1787 secs
  Slowest:	0.5613 secs
  Fastest:	0.0952 secs
  Average:	0.2120 secs
  Requests/sec:	9635.3329
  

Response time histogram:
  0.095 [1]	|
  0.142 [19370]	|■■■
  0.188 [128471]	|■■■■■■■■■■■■■■■■■■
  0.235 [292090]	|■■■■■■■■■■■■■■■■■■■■■■■■■■■■■■■■■■■■■■■■
  0.282 [110869]	|■■■■■■■■■■■■■■■
  0.328 [24957]	|■■■
  0.375 [2978]	|
  0.421 [475]	|
  0.468 [416]	|
  0.515 [197]	|
  0.561 [18]	|


Latency distribution:
  10% in 0.1680 secs
  25% in 0.1880 secs
  50% in 0.2084 secs
  75% in 0.2337 secs
  90% in 0.2639 secs
  95% in 0.2817 secs
  99% in 0.3152 secs

Details (average, fastest, slowest):
  DNS+dialup:	0.0005 secs, 0.0952 secs, 0.5613 secs
  DNS-lookup:	0.0003 secs, 0.0000 secs, 0.1010 secs
  req write:	0.0000 secs, 0.0000 secs, 0.1215 secs
  resp wait:	0.2113 secs, 0.0952 secs, 0.4361 secs
  resp read:	0.0001 secs, 0.0000 secs, 0.1696 secs

Status code distribution:
  [200]	579842 responses



