
Summary:
  Total:	60.2586 secs
  Slowest:	1.0747 secs
  Fastest:	0.1511 secs
  Average:	0.3285 secs
  Requests/sec:	9319.6579
  

Response time histogram:
  0.151 [1]	|
  0.243 [34481]	|■■■■■
  0.336 [300764]	|■■■■■■■■■■■■■■■■■■■■■■■■■■■■■■■■■■■■■■■■
  0.428 [198352]	|■■■■■■■■■■■■■■■■■■■■■■■■■■
  0.521 [23006]	|■■■
  0.613 [2702]	|
  0.705 [748]	|
  0.798 [797]	|
  0.890 [723]	|
  0.982 [10]	|
  1.075 [6]	|


Latency distribution:
  10% in 0.2594 secs
  25% in 0.2954 secs
  50% in 0.3242 secs
  75% in 0.3578 secs
  90% in 0.3998 secs
  95% in 0.4281 secs
  99% in 0.5125 secs

Details (average, fastest, slowest):
  DNS+dialup:	0.0008 secs, 0.1511 secs, 1.0747 secs
  DNS-lookup:	0.0007 secs, 0.0000 secs, 0.1505 secs
  req write:	0.0001 secs, 0.0000 secs, 0.1465 secs
  resp wait:	0.3263 secs, 0.1024 secs, 0.8486 secs
  resp read:	0.0001 secs, 0.0000 secs, 0.2322 secs

Status code distribution:
  [200]	561590 responses



