
Summary:
  Total:	60.1868 secs
  Slowest:	3.4663 secs
  Fastest:	0.0006 secs
  Average:	0.4549 secs
  Requests/sec:	562.1835
  
  Total data:	642884 bytes
  Size/request:	19 bytes

Response time histogram:
  0.001 [1]	|
  0.347 [14484]	|■■■■■■■■■■■■■■■■■■■■■■■■■■■■■■■■■■■■■■■■
  0.694 [12559]	|■■■■■■■■■■■■■■■■■■■■■■■■■■■■■■■■■■■
  1.040 [5430]	|■■■■■■■■■■■■■■■
  1.387 [1025]	|■■■
  1.733 [213]	|■
  2.080 [35]	|
  2.427 [32]	|
  2.773 [26]	|
  3.120 [16]	|
  3.466 [15]	|


Latency distribution:
  10% in 0.1048 secs
  25% in 0.2087 secs
  50% in 0.3996 secs
  75% in 0.6033 secs
  90% in 0.8060 secs
  95% in 1.0003 secs
  99% in 1.3856 secs

Details (average, fastest, slowest):
  DNS+dialup:	0.0001 secs, 0.0006 secs, 3.4663 secs
  DNS-lookup:	0.0001 secs, 0.0000 secs, 0.0153 secs
  req write:	0.0000 secs, 0.0000 secs, 0.0037 secs
  resp wait:	0.4542 secs, 0.0006 secs, 3.4468 secs
  resp read:	0.0000 secs, 0.0000 secs, 0.0042 secs

Status code distribution:
  [200]	33836 responses



