
Summary:
  Total:	60.0508 secs
  Slowest:	0.2191 secs
  Fastest:	0.0363 secs
  Average:	0.0614 secs
  Requests/sec:	18907.6967
  
  Total data:	21573037 bytes
  Size/request:	21 bytes

Response time histogram:
  0.036 [1]	|
  0.055 [730205]	|■■■■■■■■■■■■■■■■■■■■■■■■■■■■■■■■■■■■■■■■
  0.073 [197733]	|■■■■■■■■■■■
  0.091 [26186]	|■
  0.109 [43446]	|■■
  0.128 [1114]	|
  0.146 [532]	|
  0.164 [294]	|
  0.183 [142]	|
  0.201 [179]	|
  0.219 [168]	|


Latency distribution:
  10% in 0.0454 secs
  25% in 0.0478 secs
  50% in 0.0514 secs
  75% in 0.0549 secs
  90% in 0.0616 secs
  95% in 0.0903 secs
  99% in 0.0982 secs

Details (average, fastest, slowest):
  DNS+dialup:	0.0001 secs, 0.0363 secs, 0.2191 secs
  DNS-lookup:	0.0000 secs, 0.0000 secs, 0.0712 secs
  req write:	0.0000 secs, 0.0000 secs, 0.0459 secs
  resp wait:	0.0612 secs, 0.0363 secs, 0.1483 secs
  resp read:	0.0001 secs, 0.0000 secs, 0.0934 secs

Status code distribution:
  [200]	1000000 responses



