
Summary:
  Total:	60.0707 secs
  Slowest:	0.4015 secs
  Fastest:	0.0595 secs
  Average:	0.0921 secs
  Requests/sec:	18970.3158
  
  Total data:	21651640 bytes
  Size/request:	21 bytes

Response time histogram:
  0.060 [1]	|
  0.094 [896788]	|■■■■■■■■■■■■■■■■■■■■■■■■■■■■■■■■■■■■■■■■
  0.128 [22879]	|■
  0.162 [76868]	|■■■
  0.196 [1281]	|
  0.231 [388]	|
  0.265 [601]	|
  0.299 [406]	|
  0.333 [60]	|
  0.367 [540]	|
  0.402 [188]	|


Latency distribution:
  10% in 0.0686 secs
  25% in 0.0712 secs
  50% in 0.0752 secs
  75% in 0.0801 secs
  90% in 0.0976 secs
  95% in 0.1329 secs
  99% in 0.1435 secs

Details (average, fastest, slowest):
  DNS+dialup:	0.0002 secs, 0.0595 secs, 0.4015 secs
  DNS-lookup:	0.0001 secs, 0.0000 secs, 0.0868 secs
  req write:	0.0000 secs, 0.0000 secs, 0.0610 secs
  resp wait:	0.0918 secs, 0.0531 secs, 0.2857 secs
  resp read:	0.0001 secs, 0.0000 secs, 0.1264 secs

Status code distribution:
  [200]	1000000 responses



