
Summary:
  Total:	60.0925 secs
  Slowest:	0.6490 secs
  Fastest:	0.0445 secs
  Average:	0.1229 secs
  Requests/sec:	18618.9967
  
  Total data:	21258378 bytes
  Size/request:	21 bytes

Response time histogram:
  0.045 [1]	|
  0.105 [703762]	|■■■■■■■■■■■■■■■■■■■■■■■■■■■■■■■■■■■■■■■■
  0.165 [181260]	|■■■■■■■■■■
  0.226 [110518]	|■■■■■■
  0.286 [1150]	|
  0.347 [941]	|
  0.407 [665]	|
  0.468 [841]	|
  0.528 [370]	|
  0.589 [255]	|
  0.649 [237]	|


Latency distribution:
  10% in 0.0929 secs
  25% in 0.0958 secs
  50% in 0.1000 secs
  75% in 0.1073 secs
  90% in 0.1706 secs
  95% in 0.1773 secs
  99% in 0.1873 secs

Details (average, fastest, slowest):
  DNS+dialup:	0.0003 secs, 0.0445 secs, 0.6490 secs
  DNS-lookup:	0.0001 secs, 0.0000 secs, 0.0995 secs
  req write:	0.0000 secs, 0.0000 secs, 0.0704 secs
  resp wait:	0.1224 secs, 0.0384 secs, 0.4633 secs
  resp read:	0.0001 secs, 0.0000 secs, 0.1491 secs

Status code distribution:
  [200]	1000000 responses



