
Summary:
  Total:	60.1977 secs
  Slowest:	1.6036 secs
  Fastest:	0.1357 secs
  Average:	0.1843 secs
  Requests/sec:	17016.8548
  
  Total data:	19463125 bytes
  Size/request:	19 bytes

Response time histogram:
  0.136 [1]	|
  0.283 [888010]	|■■■■■■■■■■■■■■■■■■■■■■■■■■■■■■■■■■■■■■■■
  0.429 [106118]	|■■■■■
  0.576 [2400]	|
  0.723 [245]	|
  0.870 [301]	|
  1.016 [304]	|
  1.163 [1739]	|
  1.310 [810]	|
  1.457 [35]	|
  1.604 [37]	|


Latency distribution:
  10% in 0.1501 secs
  25% in 0.1538 secs
  50% in 0.1592 secs
  75% in 0.1697 secs
  90% in 0.2880 secs
  95% in 0.2982 secs
  99% in 0.3253 secs

Details (average, fastest, slowest):
  DNS+dialup:	0.0009 secs, 0.1357 secs, 1.6036 secs
  DNS-lookup:	0.0004 secs, 0.0000 secs, 0.1846 secs
  req write:	0.0003 secs, 0.0000 secs, 0.7790 secs
  resp wait:	0.1828 secs, 0.1357 secs, 1.0584 secs
  resp read:	0.0001 secs, 0.0000 secs, 0.2038 secs

Status code distribution:
  [200]	1000000 responses



