
Summary:
  Total:	60.1794 secs
  Slowest:	2.2511 secs
  Fastest:	0.0868 secs
  Average:	0.2456 secs
  Requests/sec:	16612.6262
  
  Total data:	18995022 bytes
  Size/request:	19 bytes

Response time histogram:
  0.087 [1]	|
  0.303 [852350]	|■■■■■■■■■■■■■■■■■■■■■■■■■■■■■■■■■■■■■■■■
  0.520 [139635]	|■■■■■■■
  0.736 [773]	|
  0.953 [932]	|
  1.169 [2055]	|
  1.385 [1996]	|
  1.602 [641]	|
  1.818 [723]	|
  2.035 [395]	|
  2.251 [237]	|


Latency distribution:
  10% in 0.2020 secs
  25% in 0.2063 secs
  50% in 0.2133 secs
  75% in 0.2281 secs
  90% in 0.3816 secs
  95% in 0.3908 secs
  99% in 0.4171 secs

Details (average, fastest, slowest):
  DNS+dialup:	0.0015 secs, 0.0868 secs, 2.2511 secs
  DNS-lookup:	0.0006 secs, 0.0000 secs, 0.2124 secs
  req write:	0.0005 secs, 0.0000 secs, 0.4536 secs
  resp wait:	0.2433 secs, 0.0868 secs, 1.7010 secs
  resp read:	0.0002 secs, 0.0000 secs, 0.2576 secs

Status code distribution:
  [200]	999738 responses



