
Summary:
  Total:	60.0476 secs
  Slowest:	0.0939 secs
  Fastest:	0.0114 secs
  Average:	0.0307 secs
  Requests/sec:	20137.8594
  
  Total data:	22975389 bytes
  Size/request:	22 bytes

Response time histogram:
  0.011 [1]	|
  0.020 [112279]	|■■■■■■■
  0.028 [663595]	|■■■■■■■■■■■■■■■■■■■■■■■■■■■■■■■■■■■■■■■■
  0.036 [181194]	|■■■■■■■■■■■
  0.044 [17679]	|■
  0.053 [23291]	|■
  0.061 [1295]	|
  0.069 [302]	|
  0.077 [96]	|
  0.086 [48]	|
  0.094 [220]	|


Latency distribution:
  10% in 0.0195 secs
  25% in 0.0215 secs
  50% in 0.0246 secs
  75% in 0.0276 secs
  90% in 0.0300 secs
  95% in 0.0343 secs
  99% in 0.0487 secs

Details (average, fastest, slowest):
  DNS+dialup:	0.0000 secs, 0.0114 secs, 0.0939 secs
  DNS-lookup:	0.0000 secs, 0.0000 secs, 0.0348 secs
  req write:	0.0000 secs, 0.0000 secs, 0.0415 secs
  resp wait:	0.0306 secs, 0.0114 secs, 0.0770 secs
  resp read:	0.0000 secs, 0.0000 secs, 0.0505 secs

Status code distribution:
  [200]	1000000 responses



