
Summary:
  Total:	60.4073 secs
  Slowest:	2.6818 secs
  Fastest:	0.0012 secs
  Average:	0.4357 secs
  Requests/sec:	3634.5760
  
  Total data:	3971418 bytes
  Size/request:	19 bytes

Response time histogram:
  0.001 [1]	|
  0.269 [40493]	|■■■■■■■■■■■■■■
  0.537 [116196]	|■■■■■■■■■■■■■■■■■■■■■■■■■■■■■■■■■■■■■■■■
  0.805 [42929]	|■■■■■■■■■■■■■■■
  1.073 [7442]	|■■■
  1.341 [1271]	|
  1.610 [318]	|
  1.878 [188]	|
  2.146 [66]	|
  2.414 [32]	|
  2.682 [86]	|


Latency distribution:
  10% in 0.2010 secs
  25% in 0.2964 secs
  50% in 0.4087 secs
  75% in 0.5378 secs
  90% in 0.6802 secs
  95% in 0.7897 secs
  99% in 1.0584 secs

Details (average, fastest, slowest):
  DNS+dialup:	0.0006 secs, 0.0012 secs, 2.6818 secs
  DNS-lookup:	0.0008 secs, 0.0000 secs, 0.1089 secs
  req write:	0.0000 secs, 0.0000 secs, 0.0344 secs
  resp wait:	0.4238 secs, 0.0005 secs, 2.5123 secs
  resp read:	0.0000 secs, 0.0000 secs, 0.0911 secs

Status code distribution:
  [200]	209022 responses

Error distribution:
  [10533]	Get http://node1-k8s:32329/oxBUkCqorbwkl: dial tcp 10.128.0.6:32329: connect: connection refused

