
Summary:
  Total:	60.0685 secs
  Slowest:	0.7692 secs
  Fastest:	0.0011 secs
  Average:	0.1326 secs
  Requests/sec:	3857.0445
  
  Total data:	4402053 bytes
  Size/request:	19 bytes

Response time histogram:
  0.001 [1]	|
  0.078 [53206]	|■■■■■■■■■■■■■■■■■■■■■■
  0.155 [98464]	|■■■■■■■■■■■■■■■■■■■■■■■■■■■■■■■■■■■■■■■■
  0.232 [55154]	|■■■■■■■■■■■■■■■■■■■■■■
  0.308 [17992]	|■■■■■■■
  0.385 [4886]	|■■
  0.462 [1488]	|■
  0.539 [430]	|
  0.616 [58]	|
  0.692 [4]	|
  0.769 [4]	|


Latency distribution:
  10% in 0.0316 secs
  25% in 0.0817 secs
  50% in 0.1140 secs
  75% in 0.1816 secs
  90% in 0.2390 secs
  95% in 0.2876 secs
  99% in 0.3799 secs

Details (average, fastest, slowest):
  DNS+dialup:	0.0000 secs, 0.0011 secs, 0.7692 secs
  DNS-lookup:	0.0000 secs, 0.0000 secs, 0.0309 secs
  req write:	0.0000 secs, 0.0000 secs, 0.0062 secs
  resp wait:	0.1325 secs, 0.0010 secs, 0.7674 secs
  resp read:	0.0000 secs, 0.0000 secs, 0.0182 secs

Status code distribution:
  [200]	231687 responses



