
Summary:
  Total:	60.0975 secs
  Slowest:	0.2997 secs
  Fastest:	0.0355 secs
  Average:	0.0615 secs
  Requests/sec:	18277.9977
  
  Total data:	20870778 bytes
  Size/request:	20 bytes

Response time histogram:
  0.035 [1]	|
  0.062 [850504]	|■■■■■■■■■■■■■■■■■■■■■■■■■■■■■■■■■■■■■■■■
  0.088 [79924]	|■■■■
  0.115 [65161]	|■■■
  0.141 [1927]	|
  0.168 [1072]	|
  0.194 [1043]	|
  0.220 [290]	|
  0.247 [69]	|
  0.273 [6]	|
  0.300 [3]	|


Latency distribution:
  10% in 0.0455 secs
  25% in 0.0483 secs
  50% in 0.0524 secs
  75% in 0.0574 secs
  90% in 0.0660 secs
  95% in 0.0934 secs
  99% in 0.1057 secs

Details (average, fastest, slowest):
  DNS+dialup:	0.0001 secs, 0.0355 secs, 0.2997 secs
  DNS-lookup:	0.0000 secs, 0.0000 secs, 0.0677 secs
  req write:	0.0000 secs, 0.0000 secs, 0.0554 secs
  resp wait:	0.0613 secs, 0.0314 secs, 0.2841 secs
  resp read:	0.0001 secs, 0.0000 secs, 0.1936 secs

Status code distribution:
  [200]	1000000 responses



