
Summary:
  Total:	60.1193 secs
  Slowest:	0.8030 secs
  Fastest:	0.0853 secs
  Average:	0.1229 secs
  Requests/sec:	17580.0335
  
  Total data:	20081100 bytes
  Size/request:	20 bytes

Response time histogram:
  0.085 [1]	|
  0.157 [882333]	|■■■■■■■■■■■■■■■■■■■■■■■■■■■■■■■■■■■■■■■■
  0.229 [112088]	|■■■■■
  0.301 [1863]	|
  0.372 [935]	|
  0.444 [1050]	|
  0.516 [936]	|
  0.588 [481]	|
  0.659 [305]	|
  0.731 [1]	|
  0.803 [7]	|


Latency distribution:
  10% in 0.0974 secs
  25% in 0.1008 secs
  50% in 0.1056 secs
  75% in 0.1144 secs
  90% in 0.1790 secs
  95% in 0.1868 secs
  99% in 0.2005 secs

Details (average, fastest, slowest):
  DNS+dialup:	0.0003 secs, 0.0853 secs, 0.8030 secs
  DNS-lookup:	0.0002 secs, 0.0000 secs, 0.1057 secs
  req write:	0.0000 secs, 0.0000 secs, 0.0931 secs
  resp wait:	0.1224 secs, 0.0852 secs, 0.5157 secs
  resp read:	0.0001 secs, 0.0000 secs, 0.1603 secs

Status code distribution:
  [200]	1000000 responses



