
Summary:
  Total:	60.1498 secs
  Slowest:	1.3440 secs
  Fastest:	0.1349 secs
  Average:	0.1842 secs
  Requests/sec:	17069.8187
  
  Total data:	19508193 bytes
  Size/request:	19 bytes

Response time histogram:
  0.135 [1]	|
  0.256 [850014]	|■■■■■■■■■■■■■■■■■■■■■■■■■■■■■■■■■■■■■■■■
  0.377 [143927]	|■■■■■■■
  0.498 [628]	|
  0.619 [1100]	|
  0.739 [725]	|
  0.860 [922]	|
  0.981 [744]	|
  1.102 [835]	|
  1.223 [752]	|
  1.344 [352]	|


Latency distribution:
  10% in 0.1489 secs
  25% in 0.1528 secs
  50% in 0.1586 secs
  75% in 0.1694 secs
  90% in 0.2733 secs
  95% in 0.2800 secs
  99% in 0.2927 secs

Details (average, fastest, slowest):
  DNS+dialup:	0.0007 secs, 0.1349 secs, 1.3440 secs
  DNS-lookup:	0.0004 secs, 0.0000 secs, 0.1828 secs
  req write:	0.0000 secs, 0.0000 secs, 0.1386 secs
  resp wait:	0.1833 secs, 0.1268 secs, 1.1137 secs
  resp read:	0.0001 secs, 0.0000 secs, 0.2089 secs

Status code distribution:
  [200]	1000000 responses



