
Summary:
  Total:	60.1914 secs
  Slowest:	2.5018 secs
  Fastest:	0.1593 secs
  Average:	0.2504 secs
  Requests/sec:	16301.2164
  
  Total data:	18642667 bytes
  Size/request:	19 bytes

Response time histogram:
  0.159 [1]	|
  0.394 [962790]	|■■■■■■■■■■■■■■■■■■■■■■■■■■■■■■■■■■■■■■■■
  0.628 [10755]	|
  0.862 [1399]	|
  1.096 [1369]	|
  1.331 [1250]	|
  1.565 [1693]	|
  1.799 [1395]	|
  2.033 [267]	|
  2.268 [269]	|
  2.502 [5]	|


Latency distribution:
  10% in 0.2016 secs
  25% in 0.2073 secs
  50% in 0.2169 secs
  75% in 0.2313 secs
  90% in 0.3733 secs
  95% in 0.3822 secs
  99% in 0.4409 secs

Details (average, fastest, slowest):
  DNS+dialup:	0.0014 secs, 0.1593 secs, 2.5018 secs
  DNS-lookup:	0.0006 secs, 0.0000 secs, 0.1914 secs
  req write:	0.0002 secs, 0.0000 secs, 0.1773 secs
  resp wait:	0.2484 secs, 0.0666 secs, 2.0826 secs
  resp read:	0.0002 secs, 0.0000 secs, 0.2655 secs

Status code distribution:
  [200]	981193 responses



