
Summary:
  Total:	60.3362 secs
  Slowest:	2.3462 secs
  Fastest:	0.1060 secs
  Average:	0.5432 secs
  Requests/sec:	3752.5217
  
  Total data:	4301847 bytes
  Size/request:	19 bytes

Response time histogram:
  0.106 [1]	|
  0.330 [43441]	|■■■■■■■■■■■■■■■■■■■■
  0.554 [88131]	|■■■■■■■■■■■■■■■■■■■■■■■■■■■■■■■■■■■■■■■■
  0.778 [61459]	|■■■■■■■■■■■■■■■■■■■■■■■■■■■■
  1.002 [21872]	|■■■■■■■■■■
  1.226 [7773]	|■■■■
  1.450 [2343]	|■
  1.674 [862]	|
  1.898 [467]	|
  2.122 [44]	|
  2.346 [20]	|


Latency distribution:
  10% in 0.2886 secs
  25% in 0.3766 secs
  50% in 0.4985 secs
  75% in 0.6690 secs
  90% in 0.8650 secs
  95% in 1.0057 secs
  99% in 1.3741 secs

Details (average, fastest, slowest):
  DNS+dialup:	0.0008 secs, 0.1060 secs, 2.3462 secs
  DNS-lookup:	0.0009 secs, 0.0000 secs, 0.1254 secs
  req write:	0.0001 secs, 0.0000 secs, 0.0472 secs
  resp wait:	0.5407 secs, 0.0588 secs, 2.3281 secs
  resp read:	0.0000 secs, 0.0000 secs, 0.1219 secs

Status code distribution:
  [200]	226413 responses



