
Summary:
  Total:	60.7920 secs
  Slowest:	2.7478 secs
  Fastest:	0.1706 secs
  Average:	0.7880 secs
  Requests/sec:	3872.5990
  
  Total data:	4473037 bytes
  Size/request:	19 bytes

Response time histogram:
  0.171 [1]	|
  0.428 [32472]	|■■■■■■■■■■■■■■■■■■
  0.686 [72036]	|■■■■■■■■■■■■■■■■■■■■■■■■■■■■■■■■■■■■■■■■
  0.944 [64058]	|■■■■■■■■■■■■■■■■■■■■■■■■■■■■■■■■■■■■
  1.201 [35234]	|■■■■■■■■■■■■■■■■■■■■
  1.459 [21944]	|■■■■■■■■■■■■
  1.717 [5679]	|■■■
  1.975 [2407]	|■
  2.232 [1084]	|■
  2.490 [360]	|
  2.748 [148]	|


Latency distribution:
  10% in 0.4017 secs
  25% in 0.5155 secs
  50% in 0.7150 secs
  75% in 0.9946 secs
  90% in 1.2470 secs
  95% in 1.4235 secs
  99% in 1.8489 secs

Details (average, fastest, slowest):
  DNS+dialup:	0.0017 secs, 0.1706 secs, 2.7478 secs
  DNS-lookup:	0.0017 secs, 0.0000 secs, 0.1646 secs
  req write:	0.0001 secs, 0.0000 secs, 0.0691 secs
  resp wait:	0.7831 secs, 0.0936 secs, 2.5602 secs
  resp read:	0.0001 secs, 0.0000 secs, 0.1431 secs

Status code distribution:
  [200]	235423 responses



