
Summary:
  Total:	63.7223 secs
  Slowest:	3.2873 secs
  Fastest:	0.3036 secs
  Average:	1.0690 secs
  Requests/sec:	3605.5207
  
  Total data:	4364186 bytes
  Size/request:	19 bytes

Response time histogram:
  0.304 [1]	|
  0.602 [12758]	|■■■■■■
  0.900 [62701]	|■■■■■■■■■■■■■■■■■■■■■■■■■■■■■■■■
  1.199 [78788]	|■■■■■■■■■■■■■■■■■■■■■■■■■■■■■■■■■■■■■■■■
  1.497 [56611]	|■■■■■■■■■■■■■■■■■■■■■■■■■■■■■
  1.795 [15186]	|■■■■■■■■
  2.094 [2426]	|■
  2.392 [752]	|
  2.691 [394]	|
  2.989 [71]	|
  3.287 [6]	|


Latency distribution:
  10% in 0.6745 secs
  25% in 0.8533 secs
  50% in 1.0392 secs
  75% in 1.2753 secs
  90% in 1.4722 secs
  95% in 1.5838 secs
  99% in 1.8581 secs

Details (average, fastest, slowest):
  DNS+dialup:	0.0038 secs, 0.3036 secs, 3.2873 secs
  DNS-lookup:	0.0027 secs, 0.0000 secs, 0.2124 secs
  req write:	0.0003 secs, 0.0000 secs, 0.1525 secs
  resp wait:	1.0608 secs, 0.3035 secs, 2.9310 secs
  resp read:	0.0001 secs, 0.0000 secs, 0.1697 secs

Status code distribution:
  [200]	229694 responses

Error distribution:
  [58]	Get http://node1-k8s:30009/TeOSS7wPo3NFv: net/http: request canceled (Client.Timeout exceeded while awaiting headers)

