
Summary:
  Total:	120.1144 secs
  Slowest:	0.4706 secs
  Fastest:	0.0001 secs
  Average:	0.1229 secs
  Requests/sec:	15416.4223
  
  Total data:	38886414 bytes
  Size/request:	38 bytes

Response time histogram:
  0.000 [1]	|
  0.047 [127861]	|■■■■■■■
  0.094 [778357]	|■■■■■■■■■■■■■■■■■■■■■■■■■■■■■■■■■■■■■■■■
  0.141 [88622]	|■■■■■
  0.188 [4480]	|
  0.235 [533]	|
  0.282 [105]	|
  0.329 [40]	|
  0.377 [0]	|
  0.424 [0]	|
  0.471 [1]	|


Latency distribution:
  10% in 0.0460 secs
  25% in 0.0518 secs
  50% in 0.0632 secs
  75% in 0.0758 secs
  90% in 0.0928 secs
  95% in 0.1076 secs
  99% in 0.1339 secs

Details (average, fastest, slowest):
  DNS+dialup:	0.0001 secs, 0.0001 secs, 0.4706 secs
  DNS-lookup:	0.0001 secs, 0.0000 secs, 0.0991 secs
  req write:	0.0000 secs, 0.0000 secs, 0.0567 secs
  resp wait:	0.1226 secs, 0.0001 secs, 0.4705 secs
  resp read:	0.0001 secs, 0.0000 secs, 0.1175 secs

Status code distribution:
  [200]	1000000 responses



