
Summary:
  Total:	120.1256 secs
  Slowest:	1.8439 secs
  Fastest:	0.0002 secs
  Average:	0.1843 secs
  Requests/sec:	15792.2666
  
  Total data:	39838176 bytes
  Size/request:	39 bytes

Response time histogram:
  0.000 [1]	|
  0.185 [987316]	|■■■■■■■■■■■■■■■■■■■■■■■■■■■■■■■■■■■■■■■■
  0.369 [12656]	|■
  0.553 [24]	|
  0.738 [0]	|
  0.922 [0]	|
  1.106 [2]	|
  1.291 [0]	|
  1.475 [0]	|
  1.659 [0]	|
  1.844 [1]	|


Latency distribution:
  10% in 0.0756 secs
  25% in 0.0822 secs
  50% in 0.0906 secs
  75% in 0.1009 secs
  90% in 0.1403 secs
  95% in 0.1668 secs
  99% in 0.1877 secs

Details (average, fastest, slowest):
  DNS+dialup:	0.0001 secs, 0.0002 secs, 1.8439 secs
  DNS-lookup:	0.0002 secs, 0.0000 secs, 0.1115 secs
  req write:	0.0000 secs, 0.0000 secs, 0.0859 secs
  resp wait:	0.1838 secs, 0.0001 secs, 1.8438 secs
  resp read:	0.0001 secs, 0.0000 secs, 0.1739 secs

Status code distribution:
  [200]	1000000 responses



