
Summary:
  Total:	120.1610 secs
  Slowest:	1.8504 secs
  Fastest:	0.0002 secs
  Average:	0.2458 secs
  Requests/sec:	15402.1462
  
  Total data:	38865477 bytes
  Size/request:	38 bytes

Response time histogram:
  0.000 [1]	|
  0.185 [883107]	|■■■■■■■■■■■■■■■■■■■■■■■■■■■■■■■■■■■■■■■■
  0.370 [115943]	|■■■■■
  0.555 [914]	|
  0.740 [28]	|
  0.925 [0]	|
  1.110 [5]	|
  1.295 [0]	|
  1.480 [0]	|
  1.665 [0]	|
  1.850 [2]	|


Latency distribution:
  10% in 0.1037 secs
  25% in 0.1099 secs
  50% in 0.1186 secs
  75% in 0.1351 secs
  90% in 0.2088 secs
  95% in 0.2266 secs
  99% in 0.2623 secs

Details (average, fastest, slowest):
  DNS+dialup:	0.0002 secs, 0.0002 secs, 1.8504 secs
  DNS-lookup:	0.0006 secs, 0.0000 secs, 0.1935 secs
  req write:	0.0000 secs, 0.0000 secs, 0.1731 secs
  resp wait:	0.2449 secs, 0.0001 secs, 1.8503 secs
  resp read:	0.0002 secs, 0.0000 secs, 0.2028 secs

Status code distribution:
  [200]	1000000 responses



