
Summary:
  Total:	120.1620 secs
  Slowest:	1.8798 secs
  Fastest:	0.0001 secs
  Average:	0.3686 secs
  Requests/sec:	14152.5155
  
  Total data:	35712474 bytes
  Size/request:	35 bytes

Response time histogram:
  0.000 [1]	|
  0.188 [429190]	|■■■■■■■■■■■■■■■■■■■■■■■■■■■■■■■
  0.376 [546373]	|■■■■■■■■■■■■■■■■■■■■■■■■■■■■■■■■■■■■■■■■
  0.564 [22927]	|■■
  0.752 [1167]	|
  0.940 [131]	|
  1.128 [45]	|
  1.316 [80]	|
  1.504 [66]	|
  1.692 [0]	|
  1.880 [20]	|


Latency distribution:
  10% in 0.1645 secs
  25% in 0.1730 secs
  50% in 0.1980 secs
  75% in 0.2264 secs
  90% in 0.3367 secs
  95% in 0.3559 secs
  99% in 0.4313 secs

Details (average, fastest, slowest):
  DNS+dialup:	0.0003 secs, 0.0001 secs, 1.8798 secs
  DNS-lookup:	0.0012 secs, 0.0000 secs, 0.2796 secs
  req write:	0.0001 secs, 0.0000 secs, 0.4475 secs
  resp wait:	0.3664 secs, 0.0001 secs, 1.8798 secs
  resp read:	0.0003 secs, 0.0000 secs, 0.3468 secs

Status code distribution:
  [200]	1000000 responses



