
Summary:
  Total:	120.3835 secs
  Slowest:	3.9792 secs
  Fastest:	0.0002 secs
  Average:	0.4921 secs
  Requests/sec:	14060.7099
  
  Total data:	35470554 bytes
  Size/request:	35 bytes

Response time histogram:
  0.000 [1]	|
  0.398 [831340]	|■■■■■■■■■■■■■■■■■■■■■■■■■■■■■■■■■■■■■■■■
  0.796 [163968]	|■■■■■■■■
  1.194 [2122]	|
  1.592 [2024]	|
  1.990 [536]	|
  2.388 [7]	|
  2.786 [0]	|
  3.183 [0]	|
  3.581 [0]	|
  3.979 [2]	|


Latency distribution:
  10% in 0.2172 secs
  25% in 0.2264 secs
  50% in 0.2560 secs
  75% in 0.3018 secs
  90% in 0.4519 secs
  95% in 0.4782 secs
  99% in 0.5860 secs

Details (average, fastest, slowest):
  DNS+dialup:	0.0007 secs, 0.0002 secs, 3.9792 secs
  DNS-lookup:	0.0031 secs, 0.0000 secs, 1.4202 secs
  req write:	0.0004 secs, 0.0000 secs, 1.4062 secs
  resp wait:	0.4880 secs, 0.0001 secs, 3.9791 secs
  resp read:	0.0004 secs, 0.0000 secs, 0.9841 secs

Status code distribution:
  [200]	1000000 responses

Error distribution:
  [99]	Get http://node1-k8s:31701/2THzIY6z23Xca: dial tcp 10.128.0.6:31701: socket: too many open files
  [3504]	Get http://node1-k8s:31701/2THzIY6z23Xca: dial tcp: lookup node1-k8s on 127.0.0.53:53: dial udp 127.0.0.53:53: socket: too many open files

