
Summary:
  Total:	120.0711 secs
  Slowest:	0.1480 secs
  Fastest:	0.0002 secs
  Average:	0.0615 secs
  Requests/sec:	15810.0017
  
  Total data:	39864825 bytes
  Size/request:	39 bytes

Response time histogram:
  0.000 [1]	|
  0.015 [13398]	|■
  0.030 [563151]	|■■■■■■■■■■■■■■■■■■■■■■■■■■■■■■■■■■■■■■■■
  0.045 [212771]	|■■■■■■■■■■■■■■■
  0.059 [165542]	|■■■■■■■■■■■■
  0.074 [37970]	|■■■
  0.089 [4999]	|
  0.104 [1482]	|
  0.118 [600]	|
  0.133 [50]	|
  0.148 [36]	|


Latency distribution:
  10% in 0.0192 secs
  25% in 0.0224 secs
  50% in 0.0274 secs
  75% in 0.0414 secs
  90% in 0.0534 secs
  95% in 0.0586 secs
  99% in 0.0709 secs

Details (average, fastest, slowest):
  DNS+dialup:	0.0000 secs, 0.0002 secs, 0.1480 secs
  DNS-lookup:	0.0000 secs, 0.0000 secs, 0.0553 secs
  req write:	0.0000 secs, 0.0000 secs, 0.0484 secs
  resp wait:	0.0613 secs, 0.0001 secs, 0.1336 secs
  resp read:	0.0001 secs, 0.0000 secs, 0.0585 secs

Status code distribution:
  [200]	1000000 responses



