
Summary:
  Total:	60.1824 secs
  Slowest:	15.7219 secs
  Fastest:	0.0164 secs
  Average:	0.2217 secs
  Requests/sec:	9161.3441
  

Response time histogram:
  0.016 [1]	|
  1.587 [550877]	|■■■■■■■■■■■■■■■■■■■■■■■■■■■■■■■■■■■■■■■■
  3.157 [123]	|
  4.728 [11]	|
  6.299 [132]	|
  7.869 [0]	|
  9.440 [0]	|
  11.010 [0]	|
  12.581 [45]	|
  14.151 [0]	|
  15.722 [129]	|


Latency distribution:
  10% in 0.1588 secs
  25% in 0.1819 secs
  50% in 0.2157 secs
  75% in 0.2440 secs
  90% in 0.2657 secs
  95% in 0.2796 secs
  99% in 0.3518 secs

Details (average, fastest, slowest):
  DNS+dialup:	0.0002 secs, 0.0164 secs, 15.7219 secs
  DNS-lookup:	0.0004 secs, 0.0000 secs, 0.1291 secs
  req write:	0.0000 secs, 0.0000 secs, 0.1062 secs
  resp wait:	0.2193 secs, 0.0163 secs, 15.6429 secs
  resp read:	0.0000 secs, 0.0000 secs, 0.1635 secs

Status code distribution:
  [200]	551318 responses

Error distribution:
  [34]	Get http://node1-k8s:31276/tW6P55polRlEC: net/http: request canceled (Client.Timeout exceeded while awaiting headers)

