
Summary:
  Total:	60.0907 secs
  Slowest:	0.5772 secs
  Fastest:	0.0030 secs
  Average:	0.0476 secs
  Requests/sec:	10733.7531
  

Response time histogram:
  0.003 [1]	|
  0.060 [528912]	|■■■■■■■■■■■■■■■■■■■■■■■■■■■■■■■■■■■■■■■■
  0.118 [114435]	|■■■■■■■■■
  0.175 [1414]	|
  0.233 [159]	|
  0.290 [9]	|
  0.348 [47]	|
  0.405 [20]	|
  0.462 [0]	|
  0.520 [1]	|
  0.577 [1]	|


Latency distribution:
  10% in 0.0351 secs
  25% in 0.0371 secs
  50% in 0.0443 secs
  75% in 0.0543 secs
  90% in 0.0682 secs
  95% in 0.0744 secs
  99% in 0.0899 secs

Details (average, fastest, slowest):
  DNS+dialup:	0.0000 secs, 0.0030 secs, 0.5772 secs
  DNS-lookup:	0.0000 secs, 0.0000 secs, 0.0321 secs
  req write:	0.0000 secs, 0.0000 secs, 0.0103 secs
  resp wait:	0.0475 secs, 0.0030 secs, 0.5771 secs
  resp read:	0.0000 secs, 0.0000 secs, 0.0378 secs

Status code distribution:
  [200]	644999 responses



