
Summary:
  Total:	60.6708 secs
  Slowest:	4.2170 secs
  Fastest:	0.2108 secs
  Average:	1.0576 secs
  Requests/sec:	961.3682
  
  Total data:	1108213 bytes
  Size/request:	19 bytes

Response time histogram:
  0.211 [1]	|
  0.611 [9169]	|■■■■■■■■■■■■■■
  1.012 [25914]	|■■■■■■■■■■■■■■■■■■■■■■■■■■■■■■■■■■■■■■■■
  1.413 [12569]	|■■■■■■■■■■■■■■■■■■■
  1.813 [6757]	|■■■■■■■■■■
  2.214 [2573]	|■■■■
  2.615 [810]	|■
  3.015 [106]	|
  3.416 [193]	|
  3.816 [145]	|
  4.217 [90]	|


Latency distribution:
  10% in 0.5133 secs
  25% in 0.7072 secs
  50% in 0.9139 secs
  75% in 1.3080 secs
  90% in 1.6994 secs
  95% in 1.9143 secs
  99% in 2.6061 secs

Details (average, fastest, slowest):
  DNS+dialup:	0.0009 secs, 0.2108 secs, 4.2170 secs
  DNS-lookup:	0.0006 secs, 0.0000 secs, 0.0491 secs
  req write:	0.0002 secs, 0.0000 secs, 0.0456 secs
  resp wait:	1.0528 secs, 0.1612 secs, 4.0430 secs
  resp read:	0.0000 secs, 0.0000 secs, 0.0486 secs

Status code distribution:
  [200]	58327 responses



