
Summary:
  Total:	60.0142 secs
  Slowest:	1.6110 secs
  Fastest:	0.0056 secs
  Average:	0.2951 secs
  Requests/sec:	867.2283
  
  Total data:	988874 bytes
  Size/request:	19 bytes

Response time histogram:
  0.006 [1]	|
  0.166 [14241]	|■■■■■■■■■■■■■■■■■■■■■■■■■■
  0.327 [21703]	|■■■■■■■■■■■■■■■■■■■■■■■■■■■■■■■■■■■■■■■■
  0.487 [6352]	|■■■■■■■■■■■■
  0.648 [6081]	|■■■■■■■■■■■
  0.808 [2532]	|■■■■■
  0.969 [667]	|■
  1.129 [263]	|
  1.290 [69]	|
  1.450 [121]	|
  1.611 [16]	|


Latency distribution:
  10% in 0.0980 secs
  25% in 0.1085 secs
  50% in 0.2084 secs
  75% in 0.3998 secs
  90% in 0.5956 secs
  95% in 0.7023 secs
  99% in 0.9060 secs

Details (average, fastest, slowest):
  DNS+dialup:	0.0001 secs, 0.0056 secs, 1.6110 secs
  DNS-lookup:	0.0001 secs, 0.0000 secs, 0.0184 secs
  req write:	0.0000 secs, 0.0000 secs, 0.0037 secs
  resp wait:	0.2948 secs, 0.0055 secs, 1.6109 secs
  resp read:	0.0000 secs, 0.0000 secs, 0.0031 secs

Status code distribution:
  [200]	52046 responses



