
Summary:
  Total:	61.1523 secs
  Slowest:	3.9829 secs
  Fastest:	0.1847 secs
  Average:	1.0554 secs
  Requests/sec:	903.7759
  
  Total data:	1050092 bytes
  Size/request:	19 bytes

Response time histogram:
  0.185 [1]	|
  0.565 [6525]	|■■■■■■■■■■■■
  0.944 [22230]	|■■■■■■■■■■■■■■■■■■■■■■■■■■■■■■■■■■■■■■■■
  1.324 [12676]	|■■■■■■■■■■■■■■■■■■■■■■■
  1.704 [8706]	|■■■■■■■■■■■■■■■■
  2.084 [2563]	|■■■■■
  2.464 [1275]	|■■
  2.843 [912]	|■■
  3.223 [88]	|
  3.603 [291]	|■
  3.983 [1]	|


Latency distribution:
  10% in 0.5086 secs
  25% in 0.6949 secs
  50% in 0.9064 secs
  75% in 1.3460 secs
  90% in 1.6985 secs
  95% in 2.0069 secs
  99% in 2.7222 secs

Details (average, fastest, slowest):
  DNS+dialup:	0.0006 secs, 0.1847 secs, 3.9829 secs
  DNS-lookup:	0.0006 secs, 0.0000 secs, 0.0510 secs
  req write:	0.0001 secs, 0.0000 secs, 0.0141 secs
  resp wait:	1.0512 secs, 0.1578 secs, 3.5665 secs
  resp read:	0.0000 secs, 0.0000 secs, 0.0513 secs

Status code distribution:
  [200]	55268 responses



