
Summary:
  Total:	60.1761 secs
  Slowest:	1.2334 secs
  Fastest:	0.0292 secs
  Average:	0.2769 secs
  Requests/sec:	3692.2297
  
  Total data:	4221496 bytes
  Size/request:	19 bytes

Response time histogram:
  0.029 [1]	|
  0.150 [49392]	|■■■■■■■■■■■■■■■■■■■■■■■■■■■■
  0.270 [70837]	|■■■■■■■■■■■■■■■■■■■■■■■■■■■■■■■■■■■■■■■■
  0.390 [57624]	|■■■■■■■■■■■■■■■■■■■■■■■■■■■■■■■■■
  0.511 [27856]	|■■■■■■■■■■■■■■■■
  0.631 [10459]	|■■■■■■
  0.752 [4032]	|■■
  0.872 [1461]	|■
  0.993 [298]	|
  1.113 [135]	|
  1.233 [89]	|


Latency distribution:
  10% in 0.1076 secs
  25% in 0.1705 secs
  50% in 0.2437 secs
  75% in 0.3635 secs
  90% in 0.4829 secs
  95% in 0.5787 secs
  99% in 0.7240 secs

Details (average, fastest, slowest):
  DNS+dialup:	0.0002 secs, 0.0292 secs, 1.2334 secs
  DNS-lookup:	0.0002 secs, 0.0000 secs, 0.0492 secs
  req write:	0.0001 secs, 0.0000 secs, 0.0518 secs
  resp wait:	0.2762 secs, 0.0237 secs, 1.2334 secs
  resp read:	0.0000 secs, 0.0000 secs, 0.0552 secs

Status code distribution:
  [200]	222184 responses



