
Summary:
  Total:	60.2718 secs
  Slowest:	1.3361 secs
  Fastest:	0.0861 secs
  Average:	0.4092 secs
  Requests/sec:	3741.6331
  
  Total data:	4284785 bytes
  Size/request:	19 bytes

Response time histogram:
  0.086 [1]	|
  0.211 [32410]	|■■■■■■■■■■■■■■■■■■■■■
  0.336 [61668]	|■■■■■■■■■■■■■■■■■■■■■■■■■■■■■■■■■■■■■■■■
  0.461 [52250]	|■■■■■■■■■■■■■■■■■■■■■■■■■■■■■■■■■■
  0.586 [42186]	|■■■■■■■■■■■■■■■■■■■■■■■■■■■
  0.711 [19893]	|■■■■■■■■■■■■■
  0.836 [9932]	|■■■■■■
  0.961 [4094]	|■■■
  1.086 [1887]	|■
  1.211 [916]	|■
  1.336 [278]	|


Latency distribution:
  10% in 0.1932 secs
  25% in 0.2768 secs
  50% in 0.3824 secs
  75% in 0.5065 secs
  90% in 0.6750 secs
  95% in 0.7761 secs
  99% in 1.0040 secs

Details (average, fastest, slowest):
  DNS+dialup:	0.0005 secs, 0.0861 secs, 1.3361 secs
  DNS-lookup:	0.0007 secs, 0.0000 secs, 0.1097 secs
  req write:	0.0000 secs, 0.0000 secs, 0.0240 secs
  resp wait:	0.4074 secs, 0.0395 secs, 1.2898 secs
  resp read:	0.0000 secs, 0.0000 secs, 0.0840 secs

Status code distribution:
  [200]	225515 responses



