
Summary:
  Total:	60.3968 secs
  Slowest:	2.6405 secs
  Fastest:	0.0904 secs
  Average:	0.5463 secs
  Requests/sec:	3731.8019
  
  Total data:	4282391 bytes
  Size/request:	19 bytes

Response time histogram:
  0.090 [1]	|
  0.345 [48609]	|■■■■■■■■■■■■■■■■■■■
  0.600 [103424]	|■■■■■■■■■■■■■■■■■■■■■■■■■■■■■■■■■■■■■■■■
  0.855 [47529]	|■■■■■■■■■■■■■■■■■■
  1.110 [18009]	|■■■■■■■
  1.365 [5515]	|■■
  1.620 [2049]	|■
  1.875 [169]	|
  2.130 [79]	|
  2.385 [4]	|
  2.641 [1]	|


Latency distribution:
  10% in 0.2800 secs
  25% in 0.3824 secs
  50% in 0.5038 secs
  75% in 0.6742 secs
  90% in 0.8813 secs
  95% in 1.0173 secs
  99% in 1.3704 secs

Details (average, fastest, slowest):
  DNS+dialup:	0.0008 secs, 0.0904 secs, 2.6405 secs
  DNS-lookup:	0.0009 secs, 0.0000 secs, 0.1267 secs
  req write:	0.0001 secs, 0.0000 secs, 0.0645 secs
  resp wait:	0.5438 secs, 0.0549 secs, 2.5232 secs
  resp read:	0.0000 secs, 0.0000 secs, 0.1277 secs

Status code distribution:
  [200]	225389 responses



