
Summary:
  Total:	60.7358 secs
  Slowest:	3.1785 secs
  Fastest:	0.1530 secs
  Average:	0.8463 secs
  Requests/sec:	3605.6639
  
  Total data:	4160867 bytes
  Size/request:	19 bytes

Response time histogram:
  0.153 [1]	|
  0.456 [25400]	|■■■■■■■■■■■■
  0.758 [81505]	|■■■■■■■■■■■■■■■■■■■■■■■■■■■■■■■■■■■■■■■■
  1.061 [56506]	|■■■■■■■■■■■■■■■■■■■■■■■■■■■■
  1.363 [36483]	|■■■■■■■■■■■■■■■■■■
  1.666 [14208]	|■■■■■■■
  1.968 [3322]	|■■
  2.271 [636]	|
  2.573 [797]	|
  2.876 [46]	|
  3.179 [89]	|


Latency distribution:
  10% in 0.4321 secs
  25% in 0.5807 secs
  50% in 0.7761 secs
  75% in 1.0664 secs
  90% in 1.3324 secs
  95% in 1.5086 secs
  99% in 1.8924 secs

Details (average, fastest, slowest):
  DNS+dialup:	0.0015 secs, 0.1530 secs, 3.1785 secs
  DNS-lookup:	0.0019 secs, 0.0000 secs, 0.1645 secs
  req write:	0.0001 secs, 0.0000 secs, 0.0760 secs
  resp wait:	0.8402 secs, 0.0843 secs, 3.1785 secs
  resp read:	0.0001 secs, 0.0000 secs, 0.1497 secs

Status code distribution:
  [200]	218993 responses



