
Summary:
  Total:	60.0888 secs
  Slowest:	0.8395 secs
  Fastest:	0.0107 secs
  Average:	0.1389 secs
  Requests/sec:	3681.5665
  
  Total data:	4203199 bytes
  Size/request:	19 bytes

Response time histogram:
  0.011 [1]	|
  0.094 [88632]	|■■■■■■■■■■■■■■■■■■■■■■■■■■■■■■■■■■■■■■■■
  0.176 [65268]	|■■■■■■■■■■■■■■■■■■■■■■■■■■■■■
  0.259 [38439]	|■■■■■■■■■■■■■■■■■
  0.342 [18474]	|■■■■■■■■
  0.425 [7502]	|■■■
  0.508 [1606]	|■
  0.591 [666]	|
  0.674 [485]	|
  0.757 [51]	|
  0.839 [97]	|


Latency distribution:
  10% in 0.0286 secs
  25% in 0.0731 secs
  50% in 0.1064 secs
  75% in 0.1915 secs
  90% in 0.2826 secs
  95% in 0.3317 secs
  99% in 0.4778 secs

Details (average, fastest, slowest):
  DNS+dialup:	0.0000 secs, 0.0107 secs, 0.8395 secs
  DNS-lookup:	0.0000 secs, 0.0000 secs, 0.0325 secs
  req write:	0.0000 secs, 0.0000 secs, 0.0066 secs
  resp wait:	0.1387 secs, 0.0105 secs, 0.8395 secs
  resp read:	0.0000 secs, 0.0000 secs, 0.0239 secs

Status code distribution:
  [200]	221221 responses



