
Summary:
  Total:	120.0743 secs
  Slowest:	0.6344 secs
  Fastest:	0.0001 secs
  Average:	0.1229 secs
  Requests/sec:	15622.6071
  
  Total data:	39393333 bytes
  Size/request:	39 bytes

Response time histogram:
  0.000 [1]	|
  0.064 [466082]	|■■■■■■■■■■■■■■■■■■■■■■■■■■■■■■■■■■■■
  0.127 [522538]	|■■■■■■■■■■■■■■■■■■■■■■■■■■■■■■■■■■■■■■■■
  0.190 [10941]	|■
  0.254 [410]	|
  0.317 [25]	|
  0.381 [0]	|
  0.444 [0]	|
  0.508 [0]	|
  0.571 [1]	|
  0.634 [2]	|


Latency distribution:
  10% in 0.0429 secs
  25% in 0.0490 secs
  50% in 0.0659 secs
  75% in 0.0771 secs
  90% in 0.0911 secs
  95% in 0.1009 secs
  99% in 0.1284 secs

Details (average, fastest, slowest):
  DNS+dialup:	0.0001 secs, 0.0001 secs, 0.6344 secs
  DNS-lookup:	0.0001 secs, 0.0000 secs, 0.0919 secs
  req write:	0.0000 secs, 0.0000 secs, 0.0560 secs
  resp wait:	0.1226 secs, 0.0001 secs, 0.5282 secs
  resp read:	0.0001 secs, 0.0000 secs, 0.1012 secs

Status code distribution:
  [200]	1000000 responses



