
Summary:
  Total:	120.1606 secs
  Slowest:	7.1324 secs
  Fastest:	0.0001 secs
  Average:	0.2458 secs
  Requests/sec:	15580.6451
  
  Total data:	39315759 bytes
  Size/request:	39 bytes

Response time histogram:
  0.000 [1]	|
  0.713 [999863]	|■■■■■■■■■■■■■■■■■■■■■■■■■■■■■■■■■■■■■■■■
  1.427 [88]	|
  2.140 [2]	|
  2.853 [0]	|
  3.566 [20]	|
  4.279 [0]	|
  4.993 [0]	|
  5.706 [0]	|
  6.419 [0]	|
  7.132 [26]	|


Latency distribution:
  10% in 0.1000 secs
  25% in 0.1080 secs
  50% in 0.1188 secs
  75% in 0.1397 secs
  90% in 0.1941 secs
  95% in 0.2153 secs
  99% in 0.2553 secs

Details (average, fastest, slowest):
  DNS+dialup:	0.0001 secs, 0.0001 secs, 7.1324 secs
  DNS-lookup:	0.0005 secs, 0.0000 secs, 0.2318 secs
  req write:	0.0000 secs, 0.0000 secs, 0.1756 secs
  resp wait:	0.2449 secs, 0.0001 secs, 7.1324 secs
  resp read:	0.0002 secs, 0.0000 secs, 0.2007 secs

Status code distribution:
  [200]	1000000 responses



