
Summary:
  Total:	120.3541 secs
  Slowest:	16.0674 secs
  Fastest:	0.0001 secs
  Average:	0.4922 secs
  Requests/sec:	13988.2982
  
  Total data:	35354508 bytes
  Size/request:	35 bytes

Response time histogram:
  0.000 [1]	|
  1.607 [999839]	|■■■■■■■■■■■■■■■■■■■■■■■■■■■■■■■■■■■■■■■■
  3.214 [35]	|
  4.820 [74]	|
  6.427 [0]	|
  8.034 [34]	|
  9.641 [0]	|
  11.247 [0]	|
  12.854 [0]	|
  14.461 [14]	|
  16.067 [3]	|


Latency distribution:
  10% in 0.2100 secs
  25% in 0.2210 secs
  50% in 0.2770 secs
  75% in 0.3144 secs
  90% in 0.4408 secs
  95% in 0.4736 secs
  99% in 0.5530 secs

Details (average, fastest, slowest):
  DNS+dialup:	0.0006 secs, 0.0001 secs, 16.0674 secs
  DNS-lookup:	0.0020 secs, 0.0000 secs, 0.4830 secs
  req write:	0.0002 secs, 0.0000 secs, 0.3547 secs
  resp wait:	0.4886 secs, 0.0001 secs, 16.0674 secs
  resp read:	0.0003 secs, 0.0000 secs, 0.3929 secs

Status code distribution:
  [200]	1000000 responses

Error distribution:
  [1]	Get http://node1-k8s:31701/qJLBdzfEF6ql1: net/http: request canceled (Client.Timeout exceeded while awaiting headers)

