
Summary:
  Total:	60.1034 secs
  Slowest:	2.2787 secs
  Fastest:	0.0098 secs
  Average:	0.0980 secs
  Requests/sec:	10439.2159
  

Response time histogram:
  0.010 [1]	|
  0.237 [625610]	|■■■■■■■■■■■■■■■■■■■■■■■■■■■■■■■■■■■■■■■■
  0.464 [1630]	|
  0.690 [41]	|
  0.917 [59]	|
  1.144 [21]	|
  1.371 [35]	|
  1.598 [30]	|
  1.825 [2]	|
  2.052 [2]	|
  2.279 [1]	|


Latency distribution:
  10% in 0.0762 secs
  25% in 0.0835 secs
  50% in 0.0926 secs
  75% in 0.1078 secs
  90% in 0.1279 secs
  95% in 0.1390 secs
  99% in 0.1753 secs

Details (average, fastest, slowest):
  DNS+dialup:	0.0000 secs, 0.0098 secs, 2.2787 secs
  DNS-lookup:	0.0001 secs, 0.0000 secs, 0.0750 secs
  req write:	0.0000 secs, 0.0000 secs, 0.0368 secs
  resp wait:	0.0975 secs, 0.0098 secs, 2.2787 secs
  resp read:	0.0000 secs, 0.0000 secs, 0.0811 secs

Status code distribution:
  [200]	627432 responses



