
Summary:
  Total:	60.2443 secs
  Slowest:	9.3386 secs
  Fastest:	0.0240 secs
  Average:	0.1923 secs
  Requests/sec:	10619.2292
  

Response time histogram:
  0.024 [1]	|
  0.955 [639037]	|■■■■■■■■■■■■■■■■■■■■■■■■■■■■■■■■■■■■■■■■
  1.887 [252]	|
  2.818 [162]	|
  3.750 [94]	|
  4.681 [5]	|
  5.613 [6]	|
  6.544 [188]	|
  7.476 [0]	|
  8.407 [1]	|
  9.339 [2]	|


Latency distribution:
  10% in 0.1442 secs
  25% in 0.1580 secs
  50% in 0.1782 secs
  75% in 0.2177 secs
  90% in 0.2464 secs
  95% in 0.2662 secs
  99% in 0.3492 secs

Details (average, fastest, slowest):
  DNS+dialup:	0.0001 secs, 0.0240 secs, 9.3386 secs
  DNS-lookup:	0.0003 secs, 0.0000 secs, 0.1230 secs
  req write:	0.0000 secs, 0.0000 secs, 0.0757 secs
  resp wait:	0.1901 secs, 0.0239 secs, 9.3385 secs
  resp read:	0.0001 secs, 0.0000 secs, 0.1653 secs

Status code distribution:
  [200]	639748 responses



