
Summary:
  Total:	60.9014 secs
  Slowest:	14.6944 secs
  Fastest:	0.0317 secs
  Average:	0.2822 secs
  Requests/sec:	10060.6275
  

Response time histogram:
  0.032 [1]	|
  1.498 [611137]	|■■■■■■■■■■■■■■■■■■■■■■■■■■■■■■■■■■■■■■■■
  2.964 [466]	|
  4.430 [180]	|
  5.897 [8]	|
  7.363 [5]	|
  8.829 [65]	|
  10.296 [1]	|
  11.762 [0]	|
  13.228 [0]	|
  14.694 [258]	|


Latency distribution:
  10% in 0.1930 secs
  25% in 0.2301 secs
  50% in 0.2694 secs
  75% in 0.3127 secs
  90% in 0.3408 secs
  95% in 0.3616 secs
  99% in 0.4544 secs

Details (average, fastest, slowest):
  DNS+dialup:	0.0003 secs, 0.0317 secs, 14.6944 secs
  DNS-lookup:	0.0006 secs, 0.0000 secs, 0.1598 secs
  req write:	0.0000 secs, 0.0000 secs, 0.1202 secs
  resp wait:	0.2782 secs, 0.0316 secs, 14.2530 secs
  resp read:	0.0002 secs, 0.0000 secs, 0.2511 secs

Status code distribution:
  [200]	612121 responses

Error distribution:
  [585]	Get http://node1-k8s:31276/9mhiGhlPlRIYO: net/http: request canceled (Client.Timeout exceeded while awaiting headers)

